{
"/Users/szilardhuber/Starschema/mermaid/src/utils.js":{"path":"/Users/szilardhuber/Starschema/mermaid/src/utils.js","s":{"1":1,"2":6,"3":0,"4":0,"5":6,"6":3,"7":3,"8":0,"9":0,"10":3},"b":{"1":[0,6],"2":[3,3],"3":[0,3]},"f":{"1":6},"fnMap":{"1":{"name":"(anonymous_1)","line":4,"loc":{"start":{"line":4,"column":28},"end":{"line":4,"column":42}}}},"statementMap":{"1":{"start":{"line":4,"column":0},"end":{"line":21,"column":2}},"2":{"start":{"line":5,"column":4},"end":{"line":8,"column":5}},"3":{"start":{"line":6,"column":8},"end":{"line":6,"column":55}},"4":{"start":{"line":7,"column":8},"end":{"line":7,"column":33}},"5":{"start":{"line":10,"column":4},"end":{"line":13,"column":5}},"6":{"start":{"line":12,"column":8},"end":{"line":12,"column":26}},"7":{"start":{"line":15,"column":4},"end":{"line":18,"column":5}},"8":{"start":{"line":16,"column":8},"end":{"line":16,"column":44}},"9":{"start":{"line":17,"column":8},"end":{"line":17,"column":26}},"10":{"start":{"line":20,"column":4},"end":{"line":20,"column":19}}},"branchMap":{"1":{"line":5,"type":"if","locations":[{"start":{"line":5,"column":4},"end":{"line":5,"column":4}},{"start":{"line":5,"column":4},"end":{"line":5,"column":4}}]},"2":{"line":10,"type":"if","locations":[{"start":{"line":10,"column":4},"end":{"line":10,"column":4}},{"start":{"line":10,"column":4},"end":{"line":10,"column":4}}]},"3":{"line":15,"type":"if","locations":[{"start":{"line":15,"column":4},"end":{"line":15,"column":4}},{"start":{"line":15,"column":4},"end":{"line":15,"column":4}}]}},"l":{"4":1,"5":6,"6":0,"7":0,"10":6,"12":3,"15":3,"16":0,"17":0,"20":3}},
"/Users/szilardhuber/Starschema/mermaid/src/graphDb.js":{"path":"/Users/szilardhuber/Starschema/mermaid/src/graphDb.js","s":{"1":1,"2":1,"3":1,"4":1,"5":1,"6":1,"7":110,"8":0,"9":110,"10":0,"11":110,"12":103,"13":110,"14":31,"15":110,"16":31,"17":110,"18":31,"19":110,"20":8,"21":8,"22":12,"23":1,"24":45,"25":45,"26":45,"27":14,"28":45,"29":45,"30":45,"31":1,"32":2,"33":2,"34":1,"35":5,"36":5,"37":5,"38":5,"39":5,"40":10,"41":1,"42":62,"43":1,"44":2,"45":1,"46":2,"47":2,"48":1,"49":1,"50":1,"51":0,"52":0,"53":0,"54":0,"55":0,"56":0,"57":0,"58":0,"59":0,"60":0,"61":0,"62":0,"63":0,"64":0,"65":1,"66":0,"67":0,"68":1,"69":0,"70":1,"71":57,"72":1,"73":55,"74":1,"75":5,"76":1,"77":61,"78":61,"79":61,"80":61,"81":1,"82":0},"b":{"1":[0,110],"2":[0,110],"3":[103,7],"4":[31,79],"5":[31,79],"6":[31,79],"7":[8,102],"8":[8,0],"9":[14,31],"10":[45,0],"11":[5,0],"12":[5,0],"13":[5,0],"14":[1,1],"15":[2,0],"16":[1,0],"17":[0,0],"18":[0,0],"19":[0,0],"20":[0,0],"21":[0,0]},"f":{"1":110,"2":12,"3":45,"4":2,"5":5,"6":10,"7":62,"8":2,"9":2,"10":0,"11":0,"12":0,"13":0,"14":0,"15":0,"16":0,"17":0,"18":0,"19":57,"20":55,"21":5,"22":61,"23":0},"fnMap":{"1":{"name":"(anonymous_1)","line":18,"loc":{"start":{"line":18,"column":20},"end":{"line":18,"column":53}}},"2":{"name":"(anonymous_2)","line":41,"loc":{"start":{"line":41,"column":26},"end":{"line":41,"column":39}}},"3":{"name":"(anonymous_3)","line":55,"loc":{"start":{"line":55,"column":18},"end":{"line":55,"column":56}}},"4":{"name":"(anonymous_4)","line":74,"loc":{"start":{"line":74,"column":21},"end":{"line":74,"column":43}}},"5":{"name":"(anonymous_5)","line":79,"loc":{"start":{"line":79,"column":19},"end":{"line":79,"column":40}}},"6":{"name":"(anonymous_6)","line":86,"loc":{"start":{"line":86,"column":26},"end":{"line":86,"column":39}}},"7":{"name":"(anonymous_7)","line":97,"loc":{"start":{"line":97,"column":23},"end":{"line":97,"column":38}}},"8":{"name":"(anonymous_8)","line":105,"loc":{"start":{"line":105,"column":19},"end":{"line":105,"column":43}}},"9":{"name":"(anonymous_9)","line":107,"loc":{"start":{"line":107,"column":30},"end":{"line":107,"column":43}}},"10":{"name":"(anonymous_10)","line":122,"loc":{"start":{"line":122,"column":24},"end":{"line":122,"column":51}}},"11":{"name":"(anonymous_11)","line":126,"loc":{"start":{"line":126,"column":34},"end":{"line":126,"column":48}}},"12":{"name":"(anonymous_12)","line":128,"loc":{"start":{"line":128,"column":30},"end":{"line":128,"column":42}}},"13":{"name":"(anonymous_13)","line":131,"loc":{"start":{"line":131,"column":43},"end":{"line":131,"column":55}}},"14":{"name":"(anonymous_14)","line":141,"loc":{"start":{"line":141,"column":26},"end":{"line":141,"column":36}}},"15":{"name":"(anonymous_15)","line":145,"loc":{"start":{"line":145,"column":39},"end":{"line":145,"column":49}}},"16":{"name":"(anonymous_16)","line":157,"loc":{"start":{"line":157,"column":24},"end":{"line":157,"column":34}}},"17":{"name":"(anonymous_17)","line":159,"loc":{"start":{"line":159,"column":21},"end":{"line":159,"column":34}}},"18":{"name":"(anonymous_18)","line":165,"loc":{"start":{"line":165,"column":23},"end":{"line":165,"column":35}}},"19":{"name":"(anonymous_19)","line":172,"loc":{"start":{"line":172,"column":22},"end":{"line":172,"column":34}}},"20":{"name":"(anonymous_20)","line":180,"loc":{"start":{"line":180,"column":19},"end":{"line":180,"column":31}}},"21":{"name":"(anonymous_21)","line":188,"loc":{"start":{"line":188,"column":21},"end":{"line":188,"column":33}}},"22":{"name":"(anonymous_22)","line":195,"loc":{"start":{"line":195,"column":16},"end":{"line":195,"column":28}}},"23":{"name":"(anonymous_23)","line":205,"loc":{"start":{"line":205,"column":23},"end":{"line":205,"column":35}}}},"statementMap":{"1":{"start":{"line":5,"column":0},"end":{"line":5,"column":18}},"2":{"start":{"line":6,"column":0},"end":{"line":6,"column":15}},"3":{"start":{"line":7,"column":0},"end":{"line":7,"column":17}},"4":{"start":{"line":8,"column":0},"end":{"line":8,"column":14}},"5":{"start":{"line":10,"column":0},"end":{"line":10,"column":14}},"6":{"start":{"line":18,"column":0},"end":{"line":46,"column":2}},"7":{"start":{"line":20,"column":4},"end":{"line":22,"column":5}},"8":{"start":{"line":21,"column":8},"end":{"line":21,"column":15}},"9":{"start":{"line":23,"column":4},"end":{"line":25,"column":5}},"10":{"start":{"line":24,"column":8},"end":{"line":24,"column":15}},"11":{"start":{"line":27,"column":4},"end":{"line":29,"column":5}},"12":{"start":{"line":28,"column":8},"end":{"line":28,"column":56}},"13":{"start":{"line":30,"column":4},"end":{"line":32,"column":5}},"14":{"start":{"line":31,"column":8},"end":{"line":31,"column":33}},"15":{"start":{"line":33,"column":4},"end":{"line":35,"column":5}},"16":{"start":{"line":34,"column":8},"end":{"line":34,"column":33}},"17":{"start":{"line":36,"column":4},"end":{"line":38,"column":5}},"18":{"start":{"line":37,"column":8},"end":{"line":37,"column":33}},"19":{"start":{"line":39,"column":4},"end":{"line":45,"column":5}},"20":{"start":{"line":40,"column":8},"end":{"line":44,"column":9}},"21":{"start":{"line":41,"column":12},"end":{"line":43,"column":15}},"22":{"start":{"line":42,"column":16},"end":{"line":42,"column":44}},"23":{"start":{"line":55,"column":0},"end":{"line":68,"column":2}},"24":{"start":{"line":57,"column":4},"end":{"line":57,"column":67}},"25":{"start":{"line":58,"column":4},"end":{"line":58,"column":25}},"26":{"start":{"line":60,"column":4},"end":{"line":62,"column":5}},"27":{"start":{"line":61,"column":8},"end":{"line":61,"column":29}},"28":{"start":{"line":64,"column":4},"end":{"line":66,"column":5}},"29":{"start":{"line":65,"column":8},"end":{"line":65,"column":30}},"30":{"start":{"line":67,"column":4},"end":{"line":67,"column":21}},"31":{"start":{"line":74,"column":0},"end":{"line":77,"column":2}},"32":{"start":{"line":75,"column":4},"end":{"line":75,"column":33}},"33":{"start":{"line":76,"column":4},"end":{"line":76,"column":29}},"34":{"start":{"line":79,"column":0},"end":{"line":91,"column":2}},"35":{"start":{"line":80,"column":4},"end":{"line":82,"column":5}},"36":{"start":{"line":81,"column":8},"end":{"line":81,"column":43}},"37":{"start":{"line":84,"column":4},"end":{"line":90,"column":5}},"38":{"start":{"line":85,"column":8},"end":{"line":89,"column":9}},"39":{"start":{"line":86,"column":12},"end":{"line":88,"column":15}},"40":{"start":{"line":87,"column":16},"end":{"line":87,"column":43}},"41":{"start":{"line":97,"column":0},"end":{"line":99,"column":2}},"42":{"start":{"line":98,"column":4},"end":{"line":98,"column":20}},"43":{"start":{"line":105,"column":0},"end":{"line":117,"column":2}},"44":{"start":{"line":106,"column":4},"end":{"line":116,"column":5}},"45":{"start":{"line":107,"column":8},"end":{"line":111,"column":11}},"46":{"start":{"line":108,"column":12},"end":{"line":110,"column":13}},"47":{"start":{"line":109,"column":16},"end":{"line":109,"column":54}},"48":{"start":{"line":113,"column":8},"end":{"line":115,"column":9}},"49":{"start":{"line":114,"column":12},"end":{"line":114,"column":49}},"50":{"start":{"line":122,"column":0},"end":{"line":155,"column":2}},"51":{"start":{"line":125,"column":8},"end":{"line":152,"column":9}},"52":{"start":{"line":126,"column":12},"end":{"line":137,"column":15}},"53":{"start":{"line":127,"column":16},"end":{"line":136,"column":17}},"54":{"start":{"line":128,"column":20},"end":{"line":135,"column":23}},"55":{"start":{"line":129,"column":24},"end":{"line":129,"column":64}},"56":{"start":{"line":130,"column":24},"end":{"line":134,"column":25}},"57":{"start":{"line":131,"column":28},"end":{"line":133,"column":30}},"58":{"start":{"line":132,"column":32},"end":{"line":132,"column":73}},"59":{"start":{"line":140,"column":12},"end":{"line":151,"column":13}},"60":{"start":{"line":141,"column":16},"end":{"line":150,"column":19}},"61":{"start":{"line":142,"column":20},"end":{"line":142,"column":59}},"62":{"start":{"line":143,"column":20},"end":{"line":149,"column":21}},"63":{"start":{"line":145,"column":24},"end":{"line":145,"column":90}},"64":{"start":{"line":145,"column":50},"end":{"line":145,"column":88}},"65":{"start":{"line":157,"column":0},"end":{"line":164,"column":2}},"66":{"start":{"line":159,"column":8},"end":{"line":161,"column":11}},"67":{"start":{"line":160,"column":12},"end":{"line":160,"column":18}},"68":{"start":{"line":165,"column":0},"end":{"line":167,"column":2}},"69":{"start":{"line":166,"column":4},"end":{"line":166,"column":21}},"70":{"start":{"line":172,"column":0},"end":{"line":174,"column":2}},"71":{"start":{"line":173,"column":4},"end":{"line":173,"column":20}},"72":{"start":{"line":180,"column":0},"end":{"line":182,"column":2}},"73":{"start":{"line":181,"column":4},"end":{"line":181,"column":17}},"74":{"start":{"line":188,"column":0},"end":{"line":190,"column":2}},"75":{"start":{"line":189,"column":4},"end":{"line":189,"column":19}},"76":{"start":{"line":195,"column":0},"end":{"line":200,"column":2}},"77":{"start":{"line":196,"column":4},"end":{"line":196,"column":18}},"78":{"start":{"line":197,"column":4},"end":{"line":197,"column":17}},"79":{"start":{"line":198,"column":4},"end":{"line":198,"column":15}},"80":{"start":{"line":199,"column":4},"end":{"line":199,"column":14}},"81":{"start":{"line":205,"column":0},"end":{"line":207,"column":2}},"82":{"start":{"line":206,"column":4},"end":{"line":206,"column":103}}},"branchMap":{"1":{"line":20,"type":"if","locations":[{"start":{"line":20,"column":4},"end":{"line":20,"column":4}},{"start":{"line":20,"column":4},"end":{"line":20,"column":4}}]},"2":{"line":23,"type":"if","locations":[{"start":{"line":23,"column":4},"end":{"line":23,"column":4}},{"start":{"line":23,"column":4},"end":{"line":23,"column":4}}]},"3":{"line":27,"type":"if","locations":[{"start":{"line":27,"column":4},"end":{"line":27,"column":4}},{"start":{"line":27,"column":4},"end":{"line":27,"column":4}}]},"4":{"line":30,"type":"if","locations":[{"start":{"line":30,"column":4},"end":{"line":30,"column":4}},{"start":{"line":30,"column":4},"end":{"line":30,"column":4}}]},"5":{"line":33,"type":"if","locations":[{"start":{"line":33,"column":4},"end":{"line":33,"column":4}},{"start":{"line":33,"column":4},"end":{"line":33,"column":4}}]},"6":{"line":36,"type":"if","locations":[{"start":{"line":36,"column":4},"end":{"line":36,"column":4}},{"start":{"line":36,"column":4},"end":{"line":36,"column":4}}]},"7":{"line":39,"type":"if","locations":[{"start":{"line":39,"column":4},"end":{"line":39,"column":4}},{"start":{"line":39,"column":4},"end":{"line":39,"column":4}}]},"8":{"line":40,"type":"if","locations":[{"start":{"line":40,"column":8},"end":{"line":40,"column":8}},{"start":{"line":40,"column":8},"end":{"line":40,"column":8}}]},"9":{"line":60,"type":"if","locations":[{"start":{"line":60,"column":4},"end":{"line":60,"column":4}},{"start":{"line":60,"column":4},"end":{"line":60,"column":4}}]},"10":{"line":64,"type":"if","locations":[{"start":{"line":64,"column":4},"end":{"line":64,"column":4}},{"start":{"line":64,"column":4},"end":{"line":64,"column":4}}]},"11":{"line":80,"type":"if","locations":[{"start":{"line":80,"column":4},"end":{"line":80,"column":4}},{"start":{"line":80,"column":4},"end":{"line":80,"column":4}}]},"12":{"line":84,"type":"if","locations":[{"start":{"line":84,"column":4},"end":{"line":84,"column":4}},{"start":{"line":84,"column":4},"end":{"line":84,"column":4}}]},"13":{"line":85,"type":"if","locations":[{"start":{"line":85,"column":8},"end":{"line":85,"column":8}},{"start":{"line":85,"column":8},"end":{"line":85,"column":8}}]},"14":{"line":106,"type":"if","locations":[{"start":{"line":106,"column":4},"end":{"line":106,"column":4}},{"start":{"line":106,"column":4},"end":{"line":106,"column":4}}]},"15":{"line":108,"type":"if","locations":[{"start":{"line":108,"column":12},"end":{"line":108,"column":12}},{"start":{"line":108,"column":12},"end":{"line":108,"column":12}}]},"16":{"line":113,"type":"if","locations":[{"start":{"line":113,"column":8},"end":{"line":113,"column":8}},{"start":{"line":113,"column":8},"end":{"line":113,"column":8}}]},"17":{"line":125,"type":"if","locations":[{"start":{"line":125,"column":8},"end":{"line":125,"column":8}},{"start":{"line":125,"column":8},"end":{"line":125,"column":8}}]},"18":{"line":127,"type":"if","locations":[{"start":{"line":127,"column":16},"end":{"line":127,"column":16}},{"start":{"line":127,"column":16},"end":{"line":127,"column":16}}]},"19":{"line":130,"type":"if","locations":[{"start":{"line":130,"column":24},"end":{"line":130,"column":24}},{"start":{"line":130,"column":24},"end":{"line":130,"column":24}}]},"20":{"line":140,"type":"if","locations":[{"start":{"line":140,"column":12},"end":{"line":140,"column":12}},{"start":{"line":140,"column":12},"end":{"line":140,"column":12}}]},"21":{"line":143,"type":"if","locations":[{"start":{"line":143,"column":20},"end":{"line":143,"column":20}},{"start":{"line":143,"column":20},"end":{"line":143,"column":20}}]}},"l":{"5":1,"6":1,"7":1,"8":1,"10":1,"18":1,"20":110,"21":0,"23":110,"24":0,"27":110,"28":103,"30":110,"31":31,"33":110,"34":31,"36":110,"37":31,"39":110,"40":8,"41":8,"42":12,"55":1,"57":45,"58":45,"60":45,"61":14,"64":45,"65":45,"67":45,"74":1,"75":2,"76":2,"79":1,"80":5,"81":5,"84":5,"85":5,"86":5,"87":10,"97":1,"98":62,"105":1,"106":2,"107":1,"108":2,"109":2,"113":1,"114":1,"122":1,"125":0,"126":0,"127":0,"128":0,"129":0,"130":0,"131":0,"132":0,"140":0,"141":0,"142":0,"143":0,"145":0,"157":1,"159":0,"160":0,"165":1,"166":0,"172":1,"173":57,"180":1,"181":55,"188":1,"189":5,"195":1,"196":61,"197":61,"198":61,"199":61,"205":1,"206":0}},
"/Users/szilardhuber/Starschema/mermaid/src/parser/flow.js":{"path":"/Users/szilardhuber/Starschema/mermaid/src/parser/flow.js","s":{"1":1,"2":1,"3":72,"4":72,"5":1,"6":2807,"7":2807,"8":2,"9":2,"10":62,"11":62,"12":62,"13":45,"14":45,"15":45,"16":12,"17":12,"18":3,"19":3,"20":3,"21":2,"22":2,"23":2,"24":22,"25":22,"26":22,"27":3,"28":3,"29":3,"30":1,"31":1,"32":1,"33":71,"34":71,"35":71,"36":866,"37":866,"38":423,"39":423,"40":1,"41":1,"42":109,"43":109,"44":1,"45":1,"46":14,"47":14,"48":14,"49":31,"50":31,"51":2,"52":2,"53":6,"54":6,"55":6,"56":6,"57":14,"58":14,"59":5,"60":5,"61":5,"62":2,"63":2,"64":2,"65":0,"66":0,"67":0,"68":8,"69":8,"70":8,"71":2,"72":2,"73":2,"74":15,"75":15,"76":11,"77":11,"78":11,"79":408,"80":408,"81":434,"82":434,"83":0,"84":0,"85":0,"86":62,"87":62,"88":62,"89":62,"90":62,"91":868,"92":868,"93":62,"94":62,"95":62,"96":62,"97":0,"98":62,"99":62,"100":62,"101":62,"102":0,"103":62,"104":1,"105":0,"106":0,"107":0,"108":62,"109":1,"110":1687,"111":1687,"112":1687,"113":0,"114":1687,"115":62,"116":62,"117":4494,"118":4494,"119":121,"120":4373,"121":1687,"122":4373,"123":4494,"124":0,"125":0,"126":0,"127":0,"128":0,"129":0,"130":0,"131":0,"132":0,"133":4494,"134":0,"135":4494,"136":1625,"137":1625,"138":1625,"139":1625,"140":1625,"141":1625,"142":1625,"143":1625,"144":1625,"145":1625,"146":1625,"147":0,"148":0,"149":0,"150":1625,"151":2807,"152":2807,"153":2807,"154":2807,"155":0,"156":2807,"157":2807,"158":0,"159":2807,"160":2807,"161":2807,"162":2807,"163":2807,"164":2807,"165":2807,"166":2807,"167":2807,"168":2807,"169":62,"170":0,"171":1,"172":1,"173":0,"174":0,"175":0,"176":62,"177":62,"178":62,"179":62,"180":62,"181":62,"182":62,"183":62,"184":0,"185":62,"186":62,"187":0,"188":0,"189":0,"190":0,"191":0,"192":0,"193":0,"194":0,"195":0,"196":0,"197":0,"198":0,"199":0,"200":0,"201":0,"202":0,"203":0,"204":0,"205":0,"206":0,"207":0,"208":0,"209":0,"210":0,"211":0,"212":0,"213":0,"214":0,"215":0,"216":0,"217":0,"218":0,"219":0,"220":0,"221":0,"222":0,"223":0,"224":0,"225":0,"226":0,"227":0,"228":0,"229":0,"230":0,"231":0,"232":0,"233":0,"234":1625,"235":1625,"236":0,"237":0,"238":0,"239":1625,"240":1625,"241":12,"242":1625,"243":1625,"244":1625,"245":1625,"246":1625,"247":1625,"248":0,"249":1625,"250":1625,"251":1625,"252":1625,"253":1625,"254":1625,"255":0,"256":1625,"257":1625,"258":0,"259":0,"260":0,"261":0,"262":0,"263":1687,"264":62,"265":1625,"266":62,"267":1625,"268":1625,"269":1625,"270":1625,"271":1625,"272":1625,"273":44360,"274":44360,"275":1625,"276":1625,"277":1625,"278":0,"279":0,"280":0,"281":0,"282":0,"283":0,"284":0,"285":1625,"286":1625,"287":1625,"288":1625,"289":1625,"290":1625,"291":0,"292":0,"293":0,"294":0,"295":1687,"296":1687,"297":1687,"298":0,"299":0,"300":0,"301":0,"302":0,"303":0,"304":1625,"305":1625,"306":0,"307":0,"308":0,"309":0,"310":0,"311":0,"312":0,"313":1625,"314":1625,"315":8,"316":0,"317":2,"318":0,"319":5,"320":0,"321":2,"322":0,"323":0,"324":0,"325":63,"326":0,"327":0,"328":0,"329":2,"330":0,"331":0,"332":0,"333":0,"334":0,"335":62,"336":0,"337":0,"338":0,"339":29,"340":0,"341":14,"342":0,"343":27,"344":0,"345":136,"346":0,"347":15,"348":0,"349":1,"350":0,"351":3,"352":0,"353":6,"354":0,"355":4,"356":0,"357":5,"358":0,"359":6,"360":0,"361":31,"362":0,"363":2,"364":0,"365":6,"366":0,"367":8,"368":0,"369":3,"370":0,"371":0,"372":0,"373":852,"374":0,"375":28,"376":0,"377":26,"378":0,"379":26,"380":0,"381":3,"382":0,"383":4,"384":0,"385":3,"386":0,"387":3,"388":0,"389":0,"390":0,"391":178,"392":0,"393":0,"394":0,"395":62,"396":0,"397":1,"398":1,"399":1,"400":1,"401":1,"402":1,"403":1,"404":1,"405":1,"406":1,"407":1,"408":0,"409":1,"410":0,"411":0,"412":0,"413":0,"414":0,"415":1,"416":0},"b":{"1":[2,62,45,12,3,2,22,3,3,1,71,119,286,450,453,498,833,840,840,840,840,866,49,423,423,1,0,1,1,1,1,1,32,33,36,39,40,43,47,51,55,101,106,109,109,109,109,109,109,109,109,109,109,1,1,1,14,31,2,6,6,14,5,2,0,8,0,2,15,11,408,353,379,381,398,398,419,419,432,434],"2":[0,0],"3":[868,0],"4":[0,62],"5":[62,62],"6":[0,62],"7":[1687,0],"8":[0,1687],"9":[0,0],"10":[121,4373],"11":[1687,2686],"12":[4373,2748],"13":[4373,4373],"14":[0,4494],"15":[4494,4494,4494],"16":[0,0],"17":[0,0],"18":[0,0],"19":[0,0],"20":[0,0],"21":[0,0],"22":[0,0],"23":[0,4494],"24":[4494,0],"25":[1625,2807,62],"26":[1625,0],"27":[0,1625],"28":[2807,0],"29":[2807,0],"30":[0,2807],"31":[0,0],"32":[0,2807],"33":[2807,0],"34":[0,0],"35":[62,0,0],"36":[0,62],"37":[0,0],"38":[0,0],"39":[0,0],"40":[0,0],"41":[0,0],"42":[0,0],"43":[0,0],"44":[0,0],"45":[0,0],"46":[0,0],"47":[0,1625],"48":[0,0],"49":[12,1613],"50":[12,1613],"51":[0,1625],"52":[0,1625],"53":[1625,62],"54":[1625,0],"55":[0,0],"56":[62,1625],"57":[62,1563],"58":[1625,0],"59":[1625,42735],"60":[44360,1625,0],"61":[0,1625],"62":[0,0],"63":[0,0],"64":[1625,0],"65":[1625,0],"66":[1625,0],"67":[0,0],"68":[1687,0],"69":[0,0],"70":[1625,0],"71":[1625,1625],"72":[0,0],"73":[0,0],"74":[8,2,5,2,0,63,0,2,0,0,62,0,29,14,27,136,15,1,3,6,4,5,6,31,2,6,8,3,0,852,28,26,26,3,4,3,3,0,178,0,62],"75":[1,0],"76":[1,1],"77":[0,0],"78":[0,1],"79":[1,1]},"f":{"1":1,"2":72,"3":0,"4":2807,"5":0,"6":62,"7":0,"8":1687,"9":1,"10":0,"11":62,"12":0,"13":0,"14":0,"15":0,"16":0,"17":0,"18":0,"19":0,"20":1625,"21":1687,"22":1687,"23":0,"24":0,"25":1625,"26":0,"27":0,"28":0,"29":1625,"30":1,"31":0,"32":0},"fnMap":{"1":{"name":"(anonymous_1)","line":74,"loc":{"start":{"line":74,"column":14},"end":{"line":74,"column":24}}},"2":{"name":"(anonymous_2)","line":75,"loc":{"start":{"line":75,"column":6},"end":{"line":75,"column":23}}},"3":{"name":"trace","line":76,"loc":{"start":{"line":76,"column":21},"end":{"line":76,"column":38}}},"4":{"name":"anonymous","line":81,"loc":{"start":{"line":81,"column":15},"end":{"line":81,"column":123}}},"5":{"name":"parseError","line":180,"loc":{"start":{"line":180,"column":12},"end":{"line":180,"column":43}}},"6":{"name":"parse","line":187,"loc":{"start":{"line":187,"column":7},"end":{"line":187,"column":29}}},"7":{"name":"popStack","line":211,"loc":{"start":{"line":211,"column":4},"end":{"line":211,"column":25}}},"8":{"name":"lex","line":217,"loc":{"start":{"line":217,"column":8},"end":{"line":217,"column":23}}},"9":{"name":"(anonymous_9)","line":326,"loc":{"start":{"line":326,"column":13},"end":{"line":326,"column":23}}},"10":{"name":"parseError","line":331,"loc":{"start":{"line":331,"column":11},"end":{"line":331,"column":42}}},"11":{"name":"(anonymous_11)","line":340,"loc":{"start":{"line":340,"column":9},"end":{"line":340,"column":30}}},"12":{"name":"(anonymous_12)","line":361,"loc":{"start":{"line":361,"column":6},"end":{"line":361,"column":18}}},"13":{"name":"(anonymous_13)","line":384,"loc":{"start":{"line":384,"column":6},"end":{"line":384,"column":20}}},"14":{"name":"(anonymous_14)","line":419,"loc":{"start":{"line":419,"column":5},"end":{"line":419,"column":17}}},"15":{"name":"(anonymous_15)","line":425,"loc":{"start":{"line":425,"column":7},"end":{"line":425,"column":19}}},"16":{"name":"(anonymous_16)","line":440,"loc":{"start":{"line":440,"column":5},"end":{"line":440,"column":18}}},"17":{"name":"(anonymous_17)","line":445,"loc":{"start":{"line":445,"column":10},"end":{"line":445,"column":22}}},"18":{"name":"(anonymous_18)","line":451,"loc":{"start":{"line":451,"column":14},"end":{"line":451,"column":26}}},"19":{"name":"(anonymous_19)","line":460,"loc":{"start":{"line":460,"column":13},"end":{"line":460,"column":25}}},"20":{"name":"(anonymous_20)","line":467,"loc":{"start":{"line":467,"column":11},"end":{"line":467,"column":42}}},"21":{"name":"(anonymous_21)","line":539,"loc":{"start":{"line":539,"column":5},"end":{"line":539,"column":17}}},"22":{"name":"lex","line":597,"loc":{"start":{"line":597,"column":4},"end":{"line":597,"column":19}}},"23":{"name":"begin","line":607,"loc":{"start":{"line":607,"column":6},"end":{"line":607,"column":32}}},"24":{"name":"popState","line":612,"loc":{"start":{"line":612,"column":9},"end":{"line":612,"column":29}}},"25":{"name":"_currentRules","line":622,"loc":{"start":{"line":622,"column":14},"end":{"line":622,"column":39}}},"26":{"name":"topState","line":631,"loc":{"start":{"line":631,"column":9},"end":{"line":631,"column":30}}},"27":{"name":"pushState","line":641,"loc":{"start":{"line":641,"column":10},"end":{"line":641,"column":40}}},"28":{"name":"stateStackSize","line":646,"loc":{"start":{"line":646,"column":15},"end":{"line":646,"column":41}}},"29":{"name":"anonymous","line":650,"loc":{"start":{"line":650,"column":15},"end":{"line":650,"column":77}}},"30":{"name":"Parser","line":743,"loc":{"start":{"line":743,"column":0},"end":{"line":743,"column":19}}},"31":{"name":"(anonymous_31)","line":754,"loc":{"start":{"line":754,"column":16},"end":{"line":754,"column":28}}},"32":{"name":"commonjsMain","line":755,"loc":{"start":{"line":755,"column":15},"end":{"line":755,"column":43}}}},"statementMap":{"1":{"start":{"line":74,"column":0},"end":{"line":748,"column":5}},"2":{"start":{"line":75,"column":0},"end":{"line":75,"column":1043}},"3":{"start":{"line":75,"column":24},"end":{"line":75,"column":62}},"4":{"start":{"line":75,"column":62},"end":{"line":75,"column":70}},"5":{"start":{"line":76,"column":0},"end":{"line":323,"column":3}},"6":{"start":{"line":84,"column":0},"end":{"line":84,"column":23}},"7":{"start":{"line":85,"column":0},"end":{"line":176,"column":1}},"8":{"start":{"line":87,"column":0},"end":{"line":87,"column":16}},"9":{"start":{"line":88,"column":0},"end":{"line":88,"column":6}},"10":{"start":{"line":90,"column":1},"end":{"line":90,"column":27}},"11":{"start":{"line":90,"column":27},"end":{"line":90,"column":45}},"12":{"start":{"line":91,"column":0},"end":{"line":91,"column":6}},"13":{"start":{"line":93,"column":1},"end":{"line":93,"column":38}},"14":{"start":{"line":93,"column":38},"end":{"line":94,"column":0}},"15":{"start":{"line":94,"column":0},"end":{"line":94,"column":6}},"16":{"start":{"line":96,"column":0},"end":{"line":96,"column":14}},"17":{"start":{"line":97,"column":0},"end":{"line":97,"column":6}},"18":{"start":{"line":99,"column":0},"end":{"line":99,"column":18}},"19":{"start":{"line":99,"column":18},"end":{"line":99,"column":59}},"20":{"start":{"line":100,"column":0},"end":{"line":100,"column":6}},"21":{"start":{"line":102,"column":0},"end":{"line":102,"column":18}},"22":{"start":{"line":102,"column":18},"end":{"line":102,"column":59}},"23":{"start":{"line":103,"column":0},"end":{"line":103,"column":6}},"24":{"start":{"line":105,"column":0},"end":{"line":105,"column":18}},"25":{"start":{"line":105,"column":18},"end":{"line":105,"column":58}},"26":{"start":{"line":106,"column":0},"end":{"line":106,"column":6}},"27":{"start":{"line":108,"column":0},"end":{"line":108,"column":18}},"28":{"start":{"line":108,"column":18},"end":{"line":108,"column":60}},"29":{"start":{"line":109,"column":0},"end":{"line":109,"column":6}},"30":{"start":{"line":111,"column":0},"end":{"line":111,"column":18}},"31":{"start":{"line":111,"column":18},"end":{"line":111,"column":56}},"32":{"start":{"line":112,"column":0},"end":{"line":112,"column":6}},"33":{"start":{"line":114,"column":0},"end":{"line":114,"column":16}},"34":{"start":{"line":114,"column":16},"end":{"line":114,"column":37}},"35":{"start":{"line":115,"column":0},"end":{"line":115,"column":6}},"36":{"start":{"line":117,"column":0},"end":{"line":117,"column":14}},"37":{"start":{"line":118,"column":0},"end":{"line":118,"column":6}},"38":{"start":{"line":120,"column":0},"end":{"line":120,"column":26}},"39":{"start":{"line":121,"column":0},"end":{"line":121,"column":6}},"40":{"start":{"line":123,"column":0},"end":{"line":123,"column":27}},"41":{"start":{"line":124,"column":0},"end":{"line":124,"column":6}},"42":{"start":{"line":126,"column":0},"end":{"line":126,"column":16}},"43":{"start":{"line":127,"column":0},"end":{"line":127,"column":6}},"44":{"start":{"line":129,"column":0},"end":{"line":129,"column":16}},"45":{"start":{"line":130,"column":0},"end":{"line":130,"column":6}},"46":{"start":{"line":132,"column":0},"end":{"line":132,"column":23}},"47":{"start":{"line":132,"column":23},"end":{"line":132,"column":41}},"48":{"start":{"line":133,"column":0},"end":{"line":133,"column":6}},"49":{"start":{"line":135,"column":0},"end":{"line":135,"column":26}},"50":{"start":{"line":136,"column":0},"end":{"line":136,"column":6}},"51":{"start":{"line":138,"column":0},"end":{"line":138,"column":33}},"52":{"start":{"line":139,"column":0},"end":{"line":139,"column":6}},"53":{"start":{"line":141,"column":0},"end":{"line":141,"column":32}},"54":{"start":{"line":142,"column":0},"end":{"line":142,"column":6}},"55":{"start":{"line":144,"column":0},"end":{"line":144,"column":31}},"56":{"start":{"line":145,"column":0},"end":{"line":145,"column":6}},"57":{"start":{"line":147,"column":0},"end":{"line":147,"column":18}},"58":{"start":{"line":148,"column":0},"end":{"line":148,"column":6}},"59":{"start":{"line":150,"column":0},"end":{"line":150,"column":18}},"60":{"start":{"line":150,"column":18},"end":{"line":150,"column":47}},"61":{"start":{"line":151,"column":0},"end":{"line":151,"column":6}},"62":{"start":{"line":153,"column":0},"end":{"line":153,"column":18}},"63":{"start":{"line":153,"column":18},"end":{"line":153,"column":48}},"64":{"start":{"line":154,"column":0},"end":{"line":154,"column":6}},"65":{"start":{"line":156,"column":0},"end":{"line":156,"column":18}},"66":{"start":{"line":156,"column":18},"end":{"line":156,"column":53}},"67":{"start":{"line":157,"column":0},"end":{"line":157,"column":6}},"68":{"start":{"line":159,"column":0},"end":{"line":159,"column":18}},"69":{"start":{"line":159,"column":18},"end":{"line":159,"column":68}},"70":{"start":{"line":160,"column":0},"end":{"line":160,"column":6}},"71":{"start":{"line":162,"column":0},"end":{"line":162,"column":18}},"72":{"start":{"line":162,"column":18},"end":{"line":162,"column":49}},"73":{"start":{"line":163,"column":0},"end":{"line":163,"column":6}},"74":{"start":{"line":165,"column":0},"end":{"line":166,"column":0}},"75":{"start":{"line":166,"column":0},"end":{"line":166,"column":6}},"76":{"start":{"line":168,"column":0},"end":{"line":168,"column":22}},"77":{"start":{"line":168,"column":22},"end":{"line":168,"column":40}},"78":{"start":{"line":169,"column":0},"end":{"line":169,"column":6}},"79":{"start":{"line":171,"column":0},"end":{"line":171,"column":27}},"80":{"start":{"line":172,"column":0},"end":{"line":172,"column":6}},"81":{"start":{"line":174,"column":0},"end":{"line":175,"column":0}},"82":{"start":{"line":175,"column":0},"end":{"line":175,"column":6}},"83":{"start":{"line":181,"column":4},"end":{"line":185,"column":5}},"84":{"start":{"line":182,"column":8},"end":{"line":182,"column":24}},"85":{"start":{"line":184,"column":8},"end":{"line":184,"column":29}},"86":{"start":{"line":188,"column":4},"end":{"line":188,"column":172}},"87":{"start":{"line":189,"column":4},"end":{"line":189,"column":47}},"88":{"start":{"line":190,"column":4},"end":{"line":190,"column":42}},"89":{"start":{"line":191,"column":4},"end":{"line":191,"column":33}},"90":{"start":{"line":192,"column":4},"end":{"line":196,"column":5}},"91":{"start":{"line":193,"column":8},"end":{"line":195,"column":9}},"92":{"start":{"line":194,"column":12},"end":{"line":194,"column":43}},"93":{"start":{"line":197,"column":4},"end":{"line":197,"column":42}},"94":{"start":{"line":198,"column":4},"end":{"line":198,"column":33}},"95":{"start":{"line":199,"column":4},"end":{"line":199,"column":33}},"96":{"start":{"line":200,"column":4},"end":{"line":202,"column":5}},"97":{"start":{"line":201,"column":8},"end":{"line":201,"column":26}},"98":{"start":{"line":203,"column":4},"end":{"line":203,"column":29}},"99":{"start":{"line":204,"column":4},"end":{"line":204,"column":23}},"100":{"start":{"line":205,"column":4},"end":{"line":205,"column":55}},"101":{"start":{"line":206,"column":4},"end":{"line":210,"column":5}},"102":{"start":{"line":207,"column":8},"end":{"line":207,"column":52}},"103":{"start":{"line":209,"column":8},"end":{"line":209,"column":65}},"104":{"start":{"line":211,"column":4},"end":{"line":215,"column":5}},"105":{"start":{"line":212,"column":8},"end":{"line":212,"column":44}},"106":{"start":{"line":213,"column":8},"end":{"line":213,"column":42}},"107":{"start":{"line":214,"column":8},"end":{"line":214,"column":42}},"108":{"start":{"line":216,"column":4},"end":{"line":224,"column":9}},"109":{"start":{"line":217,"column":8},"end":{"line":224,"column":9}},"110":{"start":{"line":218,"column":12},"end":{"line":218,"column":22}},"111":{"start":{"line":219,"column":12},"end":{"line":219,"column":39}},"112":{"start":{"line":220,"column":12},"end":{"line":222,"column":13}},"113":{"start":{"line":221,"column":16},"end":{"line":221,"column":54}},"114":{"start":{"line":223,"column":12},"end":{"line":223,"column":25}},"115":{"start":{"line":225,"column":4},"end":{"line":225,"column":92}},"116":{"start":{"line":226,"column":4},"end":{"line":321,"column":5}},"117":{"start":{"line":227,"column":8},"end":{"line":227,"column":40}},"118":{"start":{"line":228,"column":8},"end":{"line":235,"column":9}},"119":{"start":{"line":229,"column":12},"end":{"line":229,"column":48}},"120":{"start":{"line":231,"column":12},"end":{"line":233,"column":13}},"121":{"start":{"line":232,"column":16},"end":{"line":232,"column":31}},"122":{"start":{"line":234,"column":12},"end":{"line":234,"column":58}},"123":{"start":{"line":236,"column":20},"end":{"line":256,"column":13}},"124":{"start":{"line":237,"column":16},"end":{"line":237,"column":32}},"125":{"start":{"line":238,"column":16},"end":{"line":238,"column":30}},"126":{"start":{"line":239,"column":16},"end":{"line":243,"column":17}},"127":{"start":{"line":240,"column":20},"end":{"line":242,"column":21}},"128":{"start":{"line":241,"column":24},"end":{"line":241,"column":72}},"129":{"start":{"line":244,"column":16},"end":{"line":248,"column":17}},"130":{"start":{"line":245,"column":20},"end":{"line":245,"column":197}},"131":{"start":{"line":247,"column":20},"end":{"line":247,"column":174}},"132":{"start":{"line":249,"column":16},"end":{"line":255,"column":19}},"133":{"start":{"line":257,"column":8},"end":{"line":259,"column":9}},"134":{"start":{"line":258,"column":12},"end":{"line":258,"column":112}},"135":{"start":{"line":260,"column":8},"end":{"line":320,"column":9}},"136":{"start":{"line":262,"column":12},"end":{"line":262,"column":31}},"137":{"start":{"line":263,"column":12},"end":{"line":263,"column":38}},"138":{"start":{"line":264,"column":12},"end":{"line":264,"column":38}},"139":{"start":{"line":265,"column":12},"end":{"line":265,"column":34}},"140":{"start":{"line":266,"column":12},"end":{"line":266,"column":26}},"141":{"start":{"line":267,"column":12},"end":{"line":278,"column":13}},"142":{"start":{"line":268,"column":16},"end":{"line":268,"column":38}},"143":{"start":{"line":269,"column":16},"end":{"line":269,"column":38}},"144":{"start":{"line":270,"column":16},"end":{"line":270,"column":42}},"145":{"start":{"line":271,"column":16},"end":{"line":271,"column":37}},"146":{"start":{"line":272,"column":16},"end":{"line":274,"column":17}},"147":{"start":{"line":273,"column":20},"end":{"line":273,"column":33}},"148":{"start":{"line":276,"column":16},"end":{"line":276,"column":40}},"149":{"start":{"line":277,"column":16},"end":{"line":277,"column":38}},"150":{"start":{"line":279,"column":12},"end":{"line":279,"column":18}},"151":{"start":{"line":281,"column":12},"end":{"line":281,"column":50}},"152":{"start":{"line":282,"column":12},"end":{"line":282,"column":50}},"153":{"start":{"line":283,"column":12},"end":{"line":288,"column":14}},"154":{"start":{"line":289,"column":12},"end":{"line":294,"column":13}},"155":{"start":{"line":290,"column":16},"end":{"line":293,"column":18}},"156":{"start":{"line":295,"column":12},"end":{"line":303,"column":28}},"157":{"start":{"line":304,"column":12},"end":{"line":306,"column":13}},"158":{"start":{"line":305,"column":16},"end":{"line":305,"column":25}},"159":{"start":{"line":307,"column":12},"end":{"line":311,"column":13}},"160":{"start":{"line":308,"column":16},"end":{"line":308,"column":53}},"161":{"start":{"line":309,"column":16},"end":{"line":309,"column":51}},"162":{"start":{"line":310,"column":16},"end":{"line":310,"column":51}},"163":{"start":{"line":312,"column":12},"end":{"line":312,"column":56}},"164":{"start":{"line":313,"column":12},"end":{"line":313,"column":33}},"165":{"start":{"line":314,"column":12},"end":{"line":314,"column":34}},"166":{"start":{"line":315,"column":12},"end":{"line":315,"column":79}},"167":{"start":{"line":316,"column":12},"end":{"line":316,"column":33}},"168":{"start":{"line":317,"column":12},"end":{"line":317,"column":18}},"169":{"start":{"line":319,"column":12},"end":{"line":319,"column":24}},"170":{"start":{"line":322,"column":4},"end":{"line":322,"column":16}},"171":{"start":{"line":326,"column":0},"end":{"line":741,"column":5}},"172":{"start":{"line":327,"column":0},"end":{"line":739,"column":3}},"173":{"start":{"line":332,"column":8},"end":{"line":336,"column":9}},"174":{"start":{"line":333,"column":12},"end":{"line":333,"column":49}},"175":{"start":{"line":335,"column":12},"end":{"line":335,"column":33}},"176":{"start":{"line":341,"column":8},"end":{"line":341,"column":38}},"177":{"start":{"line":342,"column":8},"end":{"line":342,"column":28}},"178":{"start":{"line":343,"column":8},"end":{"line":343,"column":57}},"179":{"start":{"line":344,"column":8},"end":{"line":344,"column":40}},"180":{"start":{"line":345,"column":8},"end":{"line":345,"column":53}},"181":{"start":{"line":346,"column":8},"end":{"line":346,"column":42}},"182":{"start":{"line":347,"column":8},"end":{"line":352,"column":10}},"183":{"start":{"line":353,"column":8},"end":{"line":355,"column":9}},"184":{"start":{"line":354,"column":12},"end":{"line":354,"column":38}},"185":{"start":{"line":356,"column":8},"end":{"line":356,"column":24}},"186":{"start":{"line":357,"column":8},"end":{"line":357,"column":20}},"187":{"start":{"line":362,"column":8},"end":{"line":362,"column":32}},"188":{"start":{"line":363,"column":8},"end":{"line":363,"column":26}},"189":{"start":{"line":364,"column":8},"end":{"line":364,"column":22}},"190":{"start":{"line":365,"column":8},"end":{"line":365,"column":22}},"191":{"start":{"line":366,"column":8},"end":{"line":366,"column":25}},"192":{"start":{"line":367,"column":8},"end":{"line":367,"column":27}},"193":{"start":{"line":368,"column":8},"end":{"line":368,"column":48}},"194":{"start":{"line":369,"column":8},"end":{"line":374,"column":9}},"195":{"start":{"line":370,"column":12},"end":{"line":370,"column":28}},"196":{"start":{"line":371,"column":12},"end":{"line":371,"column":36}},"197":{"start":{"line":373,"column":12},"end":{"line":373,"column":38}},"198":{"start":{"line":375,"column":8},"end":{"line":377,"column":9}},"199":{"start":{"line":376,"column":12},"end":{"line":376,"column":35}},"200":{"start":{"line":379,"column":8},"end":{"line":379,"column":43}},"201":{"start":{"line":380,"column":8},"end":{"line":380,"column":18}},"202":{"start":{"line":385,"column":8},"end":{"line":385,"column":28}},"203":{"start":{"line":386,"column":8},"end":{"line":386,"column":46}},"204":{"start":{"line":388,"column":8},"end":{"line":388,"column":39}},"205":{"start":{"line":389,"column":8},"end":{"line":389,"column":70}},"206":{"start":{"line":391,"column":8},"end":{"line":391,"column":27}},"207":{"start":{"line":392,"column":8},"end":{"line":392,"column":57}},"208":{"start":{"line":393,"column":8},"end":{"line":393,"column":65}},"209":{"start":{"line":394,"column":8},"end":{"line":394,"column":71}},"210":{"start":{"line":396,"column":8},"end":{"line":398,"column":9}},"211":{"start":{"line":397,"column":12},"end":{"line":397,"column":46}},"212":{"start":{"line":399,"column":8},"end":{"line":399,"column":34}},"213":{"start":{"line":401,"column":8},"end":{"line":409,"column":10}},"214":{"start":{"line":411,"column":8},"end":{"line":413,"column":9}},"215":{"start":{"line":412,"column":12},"end":{"line":412,"column":65}},"216":{"start":{"line":414,"column":8},"end":{"line":414,"column":41}},"217":{"start":{"line":415,"column":8},"end":{"line":415,"column":20}},"218":{"start":{"line":420,"column":8},"end":{"line":420,"column":26}},"219":{"start":{"line":421,"column":8},"end":{"line":421,"column":20}},"220":{"start":{"line":426,"column":8},"end":{"line":435,"column":9}},"221":{"start":{"line":427,"column":12},"end":{"line":427,"column":35}},"222":{"start":{"line":429,"column":12},"end":{"line":433,"column":15}},"223":{"start":{"line":436,"column":8},"end":{"line":436,"column":20}},"224":{"start":{"line":441,"column":8},"end":{"line":441,"column":40}},"225":{"start":{"line":446,"column":8},"end":{"line":446,"column":83}},"226":{"start":{"line":447,"column":8},"end":{"line":447,"column":83}},"227":{"start":{"line":452,"column":8},"end":{"line":452,"column":30}},"228":{"start":{"line":453,"column":8},"end":{"line":455,"column":9}},"229":{"start":{"line":454,"column":12},"end":{"line":454,"column":58}},"230":{"start":{"line":456,"column":8},"end":{"line":456,"column":88}},"231":{"start":{"line":461,"column":8},"end":{"line":461,"column":35}},"232":{"start":{"line":462,"column":8},"end":{"line":462,"column":52}},"233":{"start":{"line":463,"column":8},"end":{"line":463,"column":59}},"234":{"start":{"line":468,"column":8},"end":{"line":470,"column":19}},"235":{"start":{"line":472,"column":8},"end":{"line":497,"column":9}},"236":{"start":{"line":474,"column":12},"end":{"line":493,"column":14}},"237":{"start":{"line":494,"column":12},"end":{"line":496,"column":13}},"238":{"start":{"line":495,"column":16},"end":{"line":495,"column":65}},"239":{"start":{"line":499,"column":8},"end":{"line":499,"column":50}},"240":{"start":{"line":500,"column":8},"end":{"line":502,"column":9}},"241":{"start":{"line":501,"column":12},"end":{"line":501,"column":42}},"242":{"start":{"line":503,"column":8},"end":{"line":510,"column":10}},"243":{"start":{"line":511,"column":8},"end":{"line":511,"column":32}},"244":{"start":{"line":512,"column":8},"end":{"line":512,"column":31}},"245":{"start":{"line":513,"column":8},"end":{"line":513,"column":29}},"246":{"start":{"line":514,"column":8},"end":{"line":514,"column":41}},"247":{"start":{"line":515,"column":8},"end":{"line":517,"column":9}},"248":{"start":{"line":516,"column":12},"end":{"line":516,"column":74}},"249":{"start":{"line":518,"column":8},"end":{"line":518,"column":27}},"250":{"start":{"line":519,"column":8},"end":{"line":519,"column":32}},"251":{"start":{"line":520,"column":8},"end":{"line":520,"column":57}},"252":{"start":{"line":521,"column":8},"end":{"line":521,"column":33}},"253":{"start":{"line":522,"column":8},"end":{"line":522,"column":128}},"254":{"start":{"line":523,"column":8},"end":{"line":525,"column":9}},"255":{"start":{"line":524,"column":12},"end":{"line":524,"column":30}},"256":{"start":{"line":526,"column":8},"end":{"line":534,"column":9}},"257":{"start":{"line":527,"column":12},"end":{"line":527,"column":25}},"258":{"start":{"line":528,"column":15},"end":{"line":534,"column":9}},"259":{"start":{"line":530,"column":12},"end":{"line":532,"column":13}},"260":{"start":{"line":531,"column":16},"end":{"line":531,"column":36}},"261":{"start":{"line":533,"column":12},"end":{"line":533,"column":25}},"262":{"start":{"line":535,"column":8},"end":{"line":535,"column":21}},"263":{"start":{"line":540,"column":8},"end":{"line":542,"column":9}},"264":{"start":{"line":541,"column":12},"end":{"line":541,"column":28}},"265":{"start":{"line":543,"column":8},"end":{"line":545,"column":9}},"266":{"start":{"line":544,"column":12},"end":{"line":544,"column":29}},"267":{"start":{"line":547,"column":8},"end":{"line":550,"column":18}},"268":{"start":{"line":551,"column":8},"end":{"line":554,"column":9}},"269":{"start":{"line":552,"column":12},"end":{"line":552,"column":29}},"270":{"start":{"line":553,"column":12},"end":{"line":553,"column":28}},"271":{"start":{"line":555,"column":8},"end":{"line":555,"column":41}},"272":{"start":{"line":556,"column":8},"end":{"line":576,"column":9}},"273":{"start":{"line":557,"column":12},"end":{"line":557,"column":64}},"274":{"start":{"line":558,"column":12},"end":{"line":575,"column":13}},"275":{"start":{"line":559,"column":16},"end":{"line":559,"column":34}},"276":{"start":{"line":560,"column":16},"end":{"line":560,"column":26}},"277":{"start":{"line":561,"column":16},"end":{"line":574,"column":17}},"278":{"start":{"line":562,"column":20},"end":{"line":562,"column":65}},"279":{"start":{"line":563,"column":20},"end":{"line":571,"column":21}},"280":{"start":{"line":564,"column":24},"end":{"line":564,"column":37}},"281":{"start":{"line":565,"column":27},"end":{"line":571,"column":21}},"282":{"start":{"line":566,"column":24},"end":{"line":566,"column":38}},"283":{"start":{"line":567,"column":24},"end":{"line":567,"column":33}},"284":{"start":{"line":570,"column":24},"end":{"line":570,"column":37}},"285":{"start":{"line":572,"column":23},"end":{"line":574,"column":17}},"286":{"start":{"line":573,"column":20},"end":{"line":573,"column":26}},"287":{"start":{"line":577,"column":8},"end":{"line":584,"column":9}},"288":{"start":{"line":578,"column":12},"end":{"line":578,"column":57}},"289":{"start":{"line":579,"column":12},"end":{"line":581,"column":13}},"290":{"start":{"line":580,"column":16},"end":{"line":580,"column":29}},"291":{"start":{"line":583,"column":12},"end":{"line":583,"column":25}},"292":{"start":{"line":585,"column":8},"end":{"line":593,"column":9}},"293":{"start":{"line":586,"column":12},"end":{"line":586,"column":28}},"294":{"start":{"line":588,"column":12},"end":{"line":592,"column":15}},"295":{"start":{"line":598,"column":8},"end":{"line":598,"column":28}},"296":{"start":{"line":599,"column":8},"end":{"line":603,"column":9}},"297":{"start":{"line":600,"column":12},"end":{"line":600,"column":21}},"298":{"start":{"line":602,"column":12},"end":{"line":602,"column":30}},"299":{"start":{"line":608,"column":8},"end":{"line":608,"column":44}},"300":{"start":{"line":613,"column":8},"end":{"line":613,"column":47}},"301":{"start":{"line":614,"column":8},"end":{"line":618,"column":9}},"302":{"start":{"line":615,"column":12},"end":{"line":615,"column":45}},"303":{"start":{"line":617,"column":12},"end":{"line":617,"column":42}},"304":{"start":{"line":623,"column":8},"end":{"line":627,"column":9}},"305":{"start":{"line":624,"column":12},"end":{"line":624,"column":94}},"306":{"start":{"line":626,"column":12},"end":{"line":626,"column":52}},"307":{"start":{"line":632,"column":8},"end":{"line":632,"column":62}},"308":{"start":{"line":633,"column":8},"end":{"line":637,"column":9}},"309":{"start":{"line":634,"column":12},"end":{"line":634,"column":42}},"310":{"start":{"line":636,"column":12},"end":{"line":636,"column":29}},"311":{"start":{"line":642,"column":8},"end":{"line":642,"column":30}},"312":{"start":{"line":647,"column":8},"end":{"line":647,"column":42}},"313":{"start":{"line":651,"column":0},"end":{"line":651,"column":21}},"314":{"start":{"line":652,"column":0},"end":{"line":735,"column":1}},"315":{"start":{"line":653,"column":7},"end":{"line":653,"column":17}},"316":{"start":{"line":654,"column":0},"end":{"line":654,"column":6}},"317":{"start":{"line":655,"column":7},"end":{"line":655,"column":17}},"318":{"start":{"line":656,"column":0},"end":{"line":656,"column":6}},"319":{"start":{"line":657,"column":7},"end":{"line":657,"column":17}},"320":{"start":{"line":658,"column":0},"end":{"line":658,"column":6}},"321":{"start":{"line":659,"column":7},"end":{"line":659,"column":17}},"322":{"start":{"line":660,"column":0},"end":{"line":660,"column":6}},"323":{"start":{"line":661,"column":7},"end":{"line":661,"column":17}},"324":{"start":{"line":662,"column":0},"end":{"line":662,"column":6}},"325":{"start":{"line":663,"column":7},"end":{"line":663,"column":16}},"326":{"start":{"line":664,"column":0},"end":{"line":664,"column":6}},"327":{"start":{"line":665,"column":7},"end":{"line":665,"column":17}},"328":{"start":{"line":666,"column":0},"end":{"line":666,"column":6}},"329":{"start":{"line":667,"column":7},"end":{"line":667,"column":17}},"330":{"start":{"line":668,"column":0},"end":{"line":668,"column":6}},"331":{"start":{"line":669,"column":7},"end":{"line":669,"column":17}},"332":{"start":{"line":670,"column":0},"end":{"line":670,"column":6}},"333":{"start":{"line":671,"column":7},"end":{"line":671,"column":17}},"334":{"start":{"line":672,"column":0},"end":{"line":672,"column":6}},"335":{"start":{"line":673,"column":8},"end":{"line":673,"column":18}},"336":{"start":{"line":674,"column":0},"end":{"line":674,"column":6}},"337":{"start":{"line":675,"column":8},"end":{"line":675,"column":18}},"338":{"start":{"line":676,"column":0},"end":{"line":676,"column":6}},"339":{"start":{"line":677,"column":8},"end":{"line":677,"column":18}},"340":{"start":{"line":678,"column":0},"end":{"line":678,"column":6}},"341":{"start":{"line":679,"column":8},"end":{"line":679,"column":18}},"342":{"start":{"line":680,"column":0},"end":{"line":680,"column":6}},"343":{"start":{"line":681,"column":8},"end":{"line":681,"column":18}},"344":{"start":{"line":682,"column":0},"end":{"line":682,"column":6}},"345":{"start":{"line":683,"column":8},"end":{"line":683,"column":18}},"346":{"start":{"line":684,"column":0},"end":{"line":684,"column":6}},"347":{"start":{"line":685,"column":8},"end":{"line":685,"column":18}},"348":{"start":{"line":686,"column":0},"end":{"line":686,"column":6}},"349":{"start":{"line":687,"column":8},"end":{"line":687,"column":18}},"350":{"start":{"line":688,"column":0},"end":{"line":688,"column":6}},"351":{"start":{"line":689,"column":8},"end":{"line":689,"column":18}},"352":{"start":{"line":690,"column":0},"end":{"line":690,"column":6}},"353":{"start":{"line":691,"column":8},"end":{"line":691,"column":18}},"354":{"start":{"line":692,"column":0},"end":{"line":692,"column":6}},"355":{"start":{"line":693,"column":8},"end":{"line":693,"column":18}},"356":{"start":{"line":694,"column":0},"end":{"line":694,"column":6}},"357":{"start":{"line":695,"column":8},"end":{"line":695,"column":18}},"358":{"start":{"line":696,"column":0},"end":{"line":696,"column":6}},"359":{"start":{"line":697,"column":8},"end":{"line":697,"column":18}},"360":{"start":{"line":698,"column":0},"end":{"line":698,"column":6}},"361":{"start":{"line":699,"column":8},"end":{"line":699,"column":18}},"362":{"start":{"line":700,"column":0},"end":{"line":700,"column":6}},"363":{"start":{"line":701,"column":8},"end":{"line":701,"column":18}},"364":{"start":{"line":702,"column":0},"end":{"line":702,"column":6}},"365":{"start":{"line":703,"column":8},"end":{"line":703,"column":18}},"366":{"start":{"line":704,"column":0},"end":{"line":704,"column":6}},"367":{"start":{"line":705,"column":8},"end":{"line":705,"column":18}},"368":{"start":{"line":706,"column":0},"end":{"line":706,"column":6}},"369":{"start":{"line":707,"column":8},"end":{"line":707,"column":18}},"370":{"start":{"line":708,"column":0},"end":{"line":708,"column":6}},"371":{"start":{"line":709,"column":8},"end":{"line":709,"column":18}},"372":{"start":{"line":710,"column":0},"end":{"line":710,"column":6}},"373":{"start":{"line":711,"column":8},"end":{"line":711,"column":18}},"374":{"start":{"line":712,"column":0},"end":{"line":712,"column":6}},"375":{"start":{"line":713,"column":8},"end":{"line":713,"column":18}},"376":{"start":{"line":714,"column":0},"end":{"line":714,"column":6}},"377":{"start":{"line":715,"column":8},"end":{"line":715,"column":18}},"378":{"start":{"line":716,"column":0},"end":{"line":716,"column":6}},"379":{"start":{"line":717,"column":8},"end":{"line":717,"column":18}},"380":{"start":{"line":718,"column":0},"end":{"line":718,"column":6}},"381":{"start":{"line":719,"column":8},"end":{"line":719,"column":18}},"382":{"start":{"line":720,"column":0},"end":{"line":720,"column":6}},"383":{"start":{"line":721,"column":8},"end":{"line":721,"column":18}},"384":{"start":{"line":722,"column":0},"end":{"line":722,"column":6}},"385":{"start":{"line":723,"column":8},"end":{"line":724,"column":0}},"386":{"start":{"line":724,"column":0},"end":{"line":724,"column":6}},"387":{"start":{"line":725,"column":8},"end":{"line":726,"column":0}},"388":{"start":{"line":726,"column":0},"end":{"line":726,"column":6}},"389":{"start":{"line":727,"column":8},"end":{"line":727,"column":23}},"390":{"start":{"line":728,"column":0},"end":{"line":728,"column":6}},"391":{"start":{"line":729,"column":8},"end":{"line":729,"column":17}},"392":{"start":{"line":730,"column":0},"end":{"line":730,"column":6}},"393":{"start":{"line":731,"column":8},"end":{"line":731,"column":25}},"394":{"start":{"line":732,"column":0},"end":{"line":732,"column":6}},"395":{"start":{"line":733,"column":8},"end":{"line":733,"column":17}},"396":{"start":{"line":734,"column":0},"end":{"line":734,"column":6}},"397":{"start":{"line":740,"column":0},"end":{"line":740,"column":13}},"398":{"start":{"line":742,"column":0},"end":{"line":742,"column":21}},"399":{"start":{"line":743,"column":0},"end":{"line":745,"column":1}},"400":{"start":{"line":744,"column":2},"end":{"line":744,"column":15}},"401":{"start":{"line":746,"column":0},"end":{"line":746,"column":26}},"402":{"start":{"line":746,"column":26},"end":{"line":746,"column":49}},"403":{"start":{"line":747,"column":0},"end":{"line":747,"column":18}},"404":{"start":{"line":751,"column":0},"end":{"line":766,"column":1}},"405":{"start":{"line":752,"column":0},"end":{"line":752,"column":24}},"406":{"start":{"line":753,"column":0},"end":{"line":753,"column":31}},"407":{"start":{"line":754,"column":0},"end":{"line":754,"column":78}},"408":{"start":{"line":754,"column":30},"end":{"line":754,"column":75}},"409":{"start":{"line":755,"column":0},"end":{"line":762,"column":2}},"410":{"start":{"line":756,"column":4},"end":{"line":759,"column":5}},"411":{"start":{"line":757,"column":8},"end":{"line":757,"column":47}},"412":{"start":{"line":758,"column":8},"end":{"line":758,"column":24}},"413":{"start":{"line":760,"column":4},"end":{"line":760,"column":88}},"414":{"start":{"line":761,"column":4},"end":{"line":761,"column":40}},"415":{"start":{"line":763,"column":0},"end":{"line":765,"column":1}},"416":{"start":{"line":764,"column":2},"end":{"line":764,"column":38}}},"branchMap":{"1":{"line":85,"type":"switch","locations":[{"start":{"line":86,"column":0},"end":{"line":88,"column":6}},{"start":{"line":89,"column":0},"end":{"line":91,"column":6}},{"start":{"line":92,"column":0},"end":{"line":94,"column":6}},{"start":{"line":95,"column":0},"end":{"line":97,"column":6}},{"start":{"line":98,"column":0},"end":{"line":100,"column":6}},{"start":{"line":101,"column":0},"end":{"line":103,"column":6}},{"start":{"line":104,"column":0},"end":{"line":106,"column":6}},{"start":{"line":107,"column":0},"end":{"line":107,"column":8}},{"start":{"line":107,"column":9},"end":{"line":109,"column":6}},{"start":{"line":110,"column":0},"end":{"line":112,"column":6}},{"start":{"line":113,"column":0},"end":{"line":115,"column":6}},{"start":{"line":116,"column":0},"end":{"line":116,"column":8}},{"start":{"line":116,"column":9},"end":{"line":116,"column":17}},{"start":{"line":116,"column":18},"end":{"line":116,"column":26}},{"start":{"line":116,"column":27},"end":{"line":116,"column":35}},{"start":{"line":116,"column":36},"end":{"line":116,"column":44}},{"start":{"line":116,"column":45},"end":{"line":116,"column":53}},{"start":{"line":116,"column":54},"end":{"line":116,"column":62}},{"start":{"line":116,"column":63},"end":{"line":116,"column":71}},{"start":{"line":116,"column":72},"end":{"line":116,"column":80}},{"start":{"line":116,"column":81},"end":{"line":116,"column":89}},{"start":{"line":116,"column":90},"end":{"line":118,"column":6}},{"start":{"line":119,"column":0},"end":{"line":119,"column":8}},{"start":{"line":119,"column":9},"end":{"line":119,"column":17}},{"start":{"line":119,"column":18},"end":{"line":121,"column":6}},{"start":{"line":122,"column":0},"end":{"line":124,"column":6}},{"start":{"line":125,"column":0},"end":{"line":125,"column":8}},{"start":{"line":125,"column":9},"end":{"line":125,"column":17}},{"start":{"line":125,"column":18},"end":{"line":125,"column":26}},{"start":{"line":125,"column":27},"end":{"line":125,"column":35}},{"start":{"line":125,"column":36},"end":{"line":125,"column":44}},{"start":{"line":125,"column":45},"end":{"line":125,"column":53}},{"start":{"line":125,"column":54},"end":{"line":125,"column":62}},{"start":{"line":125,"column":63},"end":{"line":125,"column":71}},{"start":{"line":125,"column":72},"end":{"line":125,"column":80}},{"start":{"line":125,"column":81},"end":{"line":125,"column":89}},{"start":{"line":125,"column":90},"end":{"line":125,"column":98}},{"start":{"line":125,"column":99},"end":{"line":125,"column":107}},{"start":{"line":125,"column":108},"end":{"line":125,"column":116}},{"start":{"line":125,"column":117},"end":{"line":125,"column":125}},{"start":{"line":125,"column":126},"end":{"line":125,"column":134}},{"start":{"line":125,"column":135},"end":{"line":125,"column":143}},{"start":{"line":125,"column":144},"end":{"line":125,"column":152}},{"start":{"line":125,"column":153},"end":{"line":125,"column":161}},{"start":{"line":125,"column":162},"end":{"line":125,"column":170}},{"start":{"line":125,"column":171},"end":{"line":125,"column":179}},{"start":{"line":125,"column":180},"end":{"line":125,"column":188}},{"start":{"line":125,"column":189},"end":{"line":125,"column":197}},{"start":{"line":125,"column":198},"end":{"line":125,"column":206}},{"start":{"line":125,"column":207},"end":{"line":125,"column":215}},{"start":{"line":125,"column":216},"end":{"line":125,"column":224}},{"start":{"line":125,"column":225},"end":{"line":125,"column":233}},{"start":{"line":125,"column":234},"end":{"line":127,"column":6}},{"start":{"line":128,"column":0},"end":{"line":128,"column":8}},{"start":{"line":128,"column":9},"end":{"line":128,"column":17}},{"start":{"line":128,"column":18},"end":{"line":130,"column":6}},{"start":{"line":131,"column":0},"end":{"line":133,"column":6}},{"start":{"line":134,"column":0},"end":{"line":136,"column":6}},{"start":{"line":137,"column":0},"end":{"line":139,"column":6}},{"start":{"line":140,"column":0},"end":{"line":142,"column":6}},{"start":{"line":143,"column":0},"end":{"line":145,"column":6}},{"start":{"line":146,"column":0},"end":{"line":148,"column":6}},{"start":{"line":149,"column":0},"end":{"line":151,"column":6}},{"start":{"line":152,"column":0},"end":{"line":154,"column":6}},{"start":{"line":155,"column":0},"end":{"line":157,"column":6}},{"start":{"line":158,"column":0},"end":{"line":160,"column":6}},{"start":{"line":161,"column":0},"end":{"line":161,"column":8}},{"start":{"line":161,"column":9},"end":{"line":163,"column":6}},{"start":{"line":164,"column":0},"end":{"line":166,"column":6}},{"start":{"line":167,"column":0},"end":{"line":169,"column":6}},{"start":{"line":170,"column":0},"end":{"line":172,"column":6}},{"start":{"line":173,"column":0},"end":{"line":173,"column":8}},{"start":{"line":173,"column":9},"end":{"line":173,"column":17}},{"start":{"line":173,"column":18},"end":{"line":173,"column":26}},{"start":{"line":173,"column":27},"end":{"line":173,"column":35}},{"start":{"line":173,"column":36},"end":{"line":173,"column":44}},{"start":{"line":173,"column":45},"end":{"line":173,"column":53}},{"start":{"line":173,"column":54},"end":{"line":173,"column":62}},{"start":{"line":173,"column":63},"end":{"line":173,"column":71}},{"start":{"line":173,"column":72},"end":{"line":175,"column":6}}]},"2":{"line":181,"type":"if","locations":[{"start":{"line":181,"column":4},"end":{"line":181,"column":4}},{"start":{"line":181,"column":4},"end":{"line":181,"column":4}}]},"3":{"line":193,"type":"if","locations":[{"start":{"line":193,"column":8},"end":{"line":193,"column":8}},{"start":{"line":193,"column":8},"end":{"line":193,"column":8}}]},"4":{"line":200,"type":"if","locations":[{"start":{"line":200,"column":4},"end":{"line":200,"column":4}},{"start":{"line":200,"column":4},"end":{"line":200,"column":4}}]},"5":{"line":205,"type":"binary-expr","locations":[{"start":{"line":205,"column":17},"end":{"line":205,"column":30}},{"start":{"line":205,"column":34},"end":{"line":205,"column":54}}]},"6":{"line":206,"type":"if","locations":[{"start":{"line":206,"column":4},"end":{"line":206,"column":4}},{"start":{"line":206,"column":4},"end":{"line":206,"column":4}}]},"7":{"line":219,"type":"binary-expr","locations":[{"start":{"line":219,"column":20},"end":{"line":219,"column":31}},{"start":{"line":219,"column":35},"end":{"line":219,"column":38}}]},"8":{"line":220,"type":"if","locations":[{"start":{"line":220,"column":12},"end":{"line":220,"column":12}},{"start":{"line":220,"column":12},"end":{"line":220,"column":12}}]},"9":{"line":221,"type":"binary-expr","locations":[{"start":{"line":221,"column":24},"end":{"line":221,"column":44}},{"start":{"line":221,"column":48},"end":{"line":221,"column":53}}]},"10":{"line":228,"type":"if","locations":[{"start":{"line":228,"column":8},"end":{"line":228,"column":8}},{"start":{"line":228,"column":8},"end":{"line":228,"column":8}}]},"11":{"line":231,"type":"if","locations":[{"start":{"line":231,"column":12},"end":{"line":231,"column":12}},{"start":{"line":231,"column":12},"end":{"line":231,"column":12}}]},"12":{"line":231,"type":"binary-expr","locations":[{"start":{"line":231,"column":16},"end":{"line":231,"column":31}},{"start":{"line":231,"column":35},"end":{"line":231,"column":63}}]},"13":{"line":234,"type":"binary-expr","locations":[{"start":{"line":234,"column":21},"end":{"line":234,"column":33}},{"start":{"line":234,"column":37},"end":{"line":234,"column":57}}]},"14":{"line":236,"type":"if","locations":[{"start":{"line":236,"column":20},"end":{"line":236,"column":20}},{"start":{"line":236,"column":20},"end":{"line":236,"column":20}}]},"15":{"line":236,"type":"binary-expr","locations":[{"start":{"line":236,"column":24},"end":{"line":236,"column":53}},{"start":{"line":236,"column":57},"end":{"line":236,"column":71}},{"start":{"line":236,"column":75},"end":{"line":236,"column":85}}]},"16":{"line":240,"type":"if","locations":[{"start":{"line":240,"column":20},"end":{"line":240,"column":20}},{"start":{"line":240,"column":20},"end":{"line":240,"column":20}}]},"17":{"line":240,"type":"binary-expr","locations":[{"start":{"line":240,"column":24},"end":{"line":240,"column":42}},{"start":{"line":240,"column":46},"end":{"line":240,"column":56}}]},"18":{"line":244,"type":"if","locations":[{"start":{"line":244,"column":16},"end":{"line":244,"column":16}},{"start":{"line":244,"column":16},"end":{"line":244,"column":16}}]},"19":{"line":245,"type":"binary-expr","locations":[{"start":{"line":245,"column":155},"end":{"line":245,"column":178}},{"start":{"line":245,"column":182},"end":{"line":245,"column":188}}]},"20":{"line":247,"type":"cond-expr","locations":[{"start":{"line":247,"column":106},"end":{"line":247,"column":120}},{"start":{"line":247,"column":123},"end":{"line":247,"column":172}}]},"21":{"line":247,"type":"binary-expr","locations":[{"start":{"line":247,"column":131},"end":{"line":247,"column":154}},{"start":{"line":247,"column":158},"end":{"line":247,"column":164}}]},"22":{"line":251,"type":"binary-expr","locations":[{"start":{"line":251,"column":27},"end":{"line":251,"column":50}},{"start":{"line":251,"column":54},"end":{"line":251,"column":60}}]},"23":{"line":257,"type":"if","locations":[{"start":{"line":257,"column":8},"end":{"line":257,"column":8}},{"start":{"line":257,"column":8},"end":{"line":257,"column":8}}]},"24":{"line":257,"type":"binary-expr","locations":[{"start":{"line":257,"column":12},"end":{"line":257,"column":38}},{"start":{"line":257,"column":42},"end":{"line":257,"column":59}}]},"25":{"line":260,"type":"switch","locations":[{"start":{"line":261,"column":8},"end":{"line":279,"column":18}},{"start":{"line":280,"column":8},"end":{"line":317,"column":18}},{"start":{"line":318,"column":8},"end":{"line":319,"column":24}}]},"26":{"line":267,"type":"if","locations":[{"start":{"line":267,"column":12},"end":{"line":267,"column":12}},{"start":{"line":267,"column":12},"end":{"line":267,"column":12}}]},"27":{"line":272,"type":"if","locations":[{"start":{"line":272,"column":16},"end":{"line":272,"column":16}},{"start":{"line":272,"column":16},"end":{"line":272,"column":16}}]},"28":{"line":284,"type":"binary-expr","locations":[{"start":{"line":284,"column":52},"end":{"line":284,"column":55}},{"start":{"line":284,"column":59},"end":{"line":284,"column":60}}]},"29":{"line":286,"type":"binary-expr","locations":[{"start":{"line":286,"column":54},"end":{"line":286,"column":57}},{"start":{"line":286,"column":61},"end":{"line":286,"column":62}}]},"30":{"line":289,"type":"if","locations":[{"start":{"line":289,"column":12},"end":{"line":289,"column":12}},{"start":{"line":289,"column":12},"end":{"line":289,"column":12}}]},"31":{"line":291,"type":"binary-expr","locations":[{"start":{"line":291,"column":44},"end":{"line":291,"column":47}},{"start":{"line":291,"column":51},"end":{"line":291,"column":52}}]},"32":{"line":304,"type":"if","locations":[{"start":{"line":304,"column":12},"end":{"line":304,"column":12}},{"start":{"line":304,"column":12},"end":{"line":304,"column":12}}]},"33":{"line":307,"type":"if","locations":[{"start":{"line":307,"column":12},"end":{"line":307,"column":12}},{"start":{"line":307,"column":12},"end":{"line":307,"column":12}}]},"34":{"line":332,"type":"if","locations":[{"start":{"line":332,"column":8},"end":{"line":332,"column":8}},{"start":{"line":332,"column":8},"end":{"line":332,"column":8}}]},"35":{"line":341,"type":"binary-expr","locations":[{"start":{"line":341,"column":18},"end":{"line":341,"column":20}},{"start":{"line":341,"column":24},"end":{"line":341,"column":31}},{"start":{"line":341,"column":35},"end":{"line":341,"column":37}}]},"36":{"line":353,"type":"if","locations":[{"start":{"line":353,"column":8},"end":{"line":353,"column":8}},{"start":{"line":353,"column":8},"end":{"line":353,"column":8}}]},"37":{"line":369,"type":"if","locations":[{"start":{"line":369,"column":8},"end":{"line":369,"column":8}},{"start":{"line":369,"column":8},"end":{"line":369,"column":8}}]},"38":{"line":375,"type":"if","locations":[{"start":{"line":375,"column":8},"end":{"line":375,"column":8}},{"start":{"line":375,"column":8},"end":{"line":375,"column":8}}]},"39":{"line":396,"type":"if","locations":[{"start":{"line":396,"column":8},"end":{"line":396,"column":8}},{"start":{"line":396,"column":8},"end":{"line":396,"column":8}}]},"40":{"line":405,"type":"cond-expr","locations":[{"start":{"line":406,"column":16},"end":{"line":407,"column":84}},{"start":{"line":408,"column":14},"end":{"line":408,"column":44}}]},"41":{"line":406,"type":"cond-expr","locations":[{"start":{"line":406,"column":52},"end":{"line":406,"column":76}},{"start":{"line":406,"column":79},"end":{"line":406,"column":80}}]},"42":{"line":411,"type":"if","locations":[{"start":{"line":411,"column":8},"end":{"line":411,"column":8}},{"start":{"line":411,"column":8},"end":{"line":411,"column":8}}]},"43":{"line":426,"type":"if","locations":[{"start":{"line":426,"column":8},"end":{"line":426,"column":8}},{"start":{"line":426,"column":8},"end":{"line":426,"column":8}}]},"44":{"line":447,"type":"cond-expr","locations":[{"start":{"line":447,"column":35},"end":{"line":447,"column":40}},{"start":{"line":447,"column":41},"end":{"line":447,"column":43}}]},"45":{"line":453,"type":"if","locations":[{"start":{"line":453,"column":8},"end":{"line":453,"column":8}},{"start":{"line":453,"column":8},"end":{"line":453,"column":8}}]},"46":{"line":456,"type":"cond-expr","locations":[{"start":{"line":456,"column":56},"end":{"line":456,"column":61}},{"start":{"line":456,"column":64},"end":{"line":456,"column":66}}]},"47":{"line":472,"type":"if","locations":[{"start":{"line":472,"column":8},"end":{"line":472,"column":8}},{"start":{"line":472,"column":8},"end":{"line":472,"column":8}}]},"48":{"line":494,"type":"if","locations":[{"start":{"line":494,"column":12},"end":{"line":494,"column":12}},{"start":{"line":494,"column":12},"end":{"line":494,"column":12}}]},"49":{"line":500,"type":"if","locations":[{"start":{"line":500,"column":8},"end":{"line":500,"column":8}},{"start":{"line":500,"column":8},"end":{"line":500,"column":8}}]},"50":{"line":507,"type":"cond-expr","locations":[{"start":{"line":508,"column":25},"end":{"line":508,"column":107}},{"start":{"line":509,"column":25},"end":{"line":509,"column":66}}]},"51":{"line":515,"type":"if","locations":[{"start":{"line":515,"column":8},"end":{"line":515,"column":8}},{"start":{"line":515,"column":8},"end":{"line":515,"column":8}}]},"52":{"line":523,"type":"if","locations":[{"start":{"line":523,"column":8},"end":{"line":523,"column":8}},{"start":{"line":523,"column":8},"end":{"line":523,"column":8}}]},"53":{"line":523,"type":"binary-expr","locations":[{"start":{"line":523,"column":12},"end":{"line":523,"column":21}},{"start":{"line":523,"column":25},"end":{"line":523,"column":36}}]},"54":{"line":526,"type":"if","locations":[{"start":{"line":526,"column":8},"end":{"line":526,"column":8}},{"start":{"line":526,"column":8},"end":{"line":526,"column":8}}]},"55":{"line":528,"type":"if","locations":[{"start":{"line":528,"column":15},"end":{"line":528,"column":15}},{"start":{"line":528,"column":15},"end":{"line":528,"column":15}}]},"56":{"line":540,"type":"if","locations":[{"start":{"line":540,"column":8},"end":{"line":540,"column":8}},{"start":{"line":540,"column":8},"end":{"line":540,"column":8}}]},"57":{"line":543,"type":"if","locations":[{"start":{"line":543,"column":8},"end":{"line":543,"column":8}},{"start":{"line":543,"column":8},"end":{"line":543,"column":8}}]},"58":{"line":551,"type":"if","locations":[{"start":{"line":551,"column":8},"end":{"line":551,"column":8}},{"start":{"line":551,"column":8},"end":{"line":551,"column":8}}]},"59":{"line":558,"type":"if","locations":[{"start":{"line":558,"column":12},"end":{"line":558,"column":12}},{"start":{"line":558,"column":12},"end":{"line":558,"column":12}}]},"60":{"line":558,"type":"binary-expr","locations":[{"start":{"line":558,"column":16},"end":{"line":558,"column":25}},{"start":{"line":558,"column":30},"end":{"line":558,"column":36}},{"start":{"line":558,"column":40},"end":{"line":558,"column":77}}]},"61":{"line":561,"type":"if","locations":[{"start":{"line":561,"column":16},"end":{"line":561,"column":16}},{"start":{"line":561,"column":16},"end":{"line":561,"column":16}}]},"62":{"line":563,"type":"if","locations":[{"start":{"line":563,"column":20},"end":{"line":563,"column":20}},{"start":{"line":563,"column":20},"end":{"line":563,"column":20}}]},"63":{"line":565,"type":"if","locations":[{"start":{"line":565,"column":27},"end":{"line":565,"column":27}},{"start":{"line":565,"column":27},"end":{"line":565,"column":27}}]},"64":{"line":572,"type":"if","locations":[{"start":{"line":572,"column":23},"end":{"line":572,"column":23}},{"start":{"line":572,"column":23},"end":{"line":572,"column":23}}]},"65":{"line":577,"type":"if","locations":[{"start":{"line":577,"column":8},"end":{"line":577,"column":8}},{"start":{"line":577,"column":8},"end":{"line":577,"column":8}}]},"66":{"line":579,"type":"if","locations":[{"start":{"line":579,"column":12},"end":{"line":579,"column":12}},{"start":{"line":579,"column":12},"end":{"line":579,"column":12}}]},"67":{"line":585,"type":"if","locations":[{"start":{"line":585,"column":8},"end":{"line":585,"column":8}},{"start":{"line":585,"column":8},"end":{"line":585,"column":8}}]},"68":{"line":599,"type":"if","locations":[{"start":{"line":599,"column":8},"end":{"line":599,"column":8}},{"start":{"line":599,"column":8},"end":{"line":599,"column":8}}]},"69":{"line":614,"type":"if","locations":[{"start":{"line":614,"column":8},"end":{"line":614,"column":8}},{"start":{"line":614,"column":8},"end":{"line":614,"column":8}}]},"70":{"line":623,"type":"if","locations":[{"start":{"line":623,"column":8},"end":{"line":623,"column":8}},{"start":{"line":623,"column":8},"end":{"line":623,"column":8}}]},"71":{"line":623,"type":"binary-expr","locations":[{"start":{"line":623,"column":12},"end":{"line":623,"column":38}},{"start":{"line":623,"column":42},"end":{"line":623,"column":93}}]},"72":{"line":632,"type":"binary-expr","locations":[{"start":{"line":632,"column":54},"end":{"line":632,"column":55}},{"start":{"line":632,"column":59},"end":{"line":632,"column":60}}]},"73":{"line":633,"type":"if","locations":[{"start":{"line":633,"column":8},"end":{"line":633,"column":8}},{"start":{"line":633,"column":8},"end":{"line":633,"column":8}}]},"74":{"line":652,"type":"switch","locations":[{"start":{"line":653,"column":0},"end":{"line":654,"column":6}},{"start":{"line":655,"column":0},"end":{"line":656,"column":6}},{"start":{"line":657,"column":0},"end":{"line":658,"column":6}},{"start":{"line":659,"column":0},"end":{"line":660,"column":6}},{"start":{"line":661,"column":0},"end":{"line":662,"column":6}},{"start":{"line":663,"column":0},"end":{"line":664,"column":6}},{"start":{"line":665,"column":0},"end":{"line":666,"column":6}},{"start":{"line":667,"column":0},"end":{"line":668,"column":6}},{"start":{"line":669,"column":0},"end":{"line":670,"column":6}},{"start":{"line":671,"column":0},"end":{"line":672,"column":6}},{"start":{"line":673,"column":0},"end":{"line":674,"column":6}},{"start":{"line":675,"column":0},"end":{"line":676,"column":6}},{"start":{"line":677,"column":0},"end":{"line":678,"column":6}},{"start":{"line":679,"column":0},"end":{"line":680,"column":6}},{"start":{"line":681,"column":0},"end":{"line":682,"column":6}},{"start":{"line":683,"column":0},"end":{"line":684,"column":6}},{"start":{"line":685,"column":0},"end":{"line":686,"column":6}},{"start":{"line":687,"column":0},"end":{"line":688,"column":6}},{"start":{"line":689,"column":0},"end":{"line":690,"column":6}},{"start":{"line":691,"column":0},"end":{"line":692,"column":6}},{"start":{"line":693,"column":0},"end":{"line":694,"column":6}},{"start":{"line":695,"column":0},"end":{"line":696,"column":6}},{"start":{"line":697,"column":0},"end":{"line":698,"column":6}},{"start":{"line":699,"column":0},"end":{"line":700,"column":6}},{"start":{"line":701,"column":0},"end":{"line":702,"column":6}},{"start":{"line":703,"column":0},"end":{"line":704,"column":6}},{"start":{"line":705,"column":0},"end":{"line":706,"column":6}},{"start":{"line":707,"column":0},"end":{"line":708,"column":6}},{"start":{"line":709,"column":0},"end":{"line":710,"column":6}},{"start":{"line":711,"column":0},"end":{"line":712,"column":6}},{"start":{"line":713,"column":0},"end":{"line":714,"column":6}},{"start":{"line":715,"column":0},"end":{"line":716,"column":6}},{"start":{"line":717,"column":0},"end":{"line":718,"column":6}},{"start":{"line":719,"column":0},"end":{"line":720,"column":6}},{"start":{"line":721,"column":0},"end":{"line":722,"column":6}},{"start":{"line":723,"column":0},"end":{"line":724,"column":6}},{"start":{"line":725,"column":0},"end":{"line":726,"column":6}},{"start":{"line":727,"column":0},"end":{"line":728,"column":6}},{"start":{"line":729,"column":0},"end":{"line":730,"column":6}},{"start":{"line":731,"column":0},"end":{"line":732,"column":6}},{"start":{"line":733,"column":0},"end":{"line":734,"column":6}}]},"75":{"line":751,"type":"if","locations":[{"start":{"line":751,"column":0},"end":{"line":751,"column":0}},{"start":{"line":751,"column":0},"end":{"line":751,"column":0}}]},"76":{"line":751,"type":"binary-expr","locations":[{"start":{"line":751,"column":4},"end":{"line":751,"column":34}},{"start":{"line":751,"column":38},"end":{"line":751,"column":68}}]},"77":{"line":756,"type":"if","locations":[{"start":{"line":756,"column":4},"end":{"line":756,"column":4}},{"start":{"line":756,"column":4},"end":{"line":756,"column":4}}]},"78":{"line":763,"type":"if","locations":[{"start":{"line":763,"column":0},"end":{"line":763,"column":0}},{"start":{"line":763,"column":0},"end":{"line":763,"column":0}}]},"79":{"line":763,"type":"binary-expr","locations":[{"start":{"line":763,"column":4},"end":{"line":763,"column":33}},{"start":{"line":763,"column":37},"end":{"line":763,"column":60}}]}},"l":{"74":1,"75":72,"76":1,"84":2807,"85":2807,"87":2,"88":2,"90":62,"91":62,"93":45,"94":45,"96":12,"97":12,"99":3,"100":3,"102":2,"103":2,"105":22,"106":22,"108":3,"109":3,"111":1,"112":1,"114":71,"115":71,"117":866,"118":866,"120":423,"121":423,"123":1,"124":1,"126":109,"127":109,"129":1,"130":1,"132":14,"133":14,"135":31,"136":31,"138":2,"139":2,"141":6,"142":6,"144":6,"145":6,"147":14,"148":14,"150":5,"151":5,"153":2,"154":2,"156":0,"157":0,"159":8,"160":8,"162":2,"163":2,"165":15,"166":15,"168":11,"169":11,"171":408,"172":408,"174":434,"175":434,"181":0,"182":0,"184":0,"188":62,"189":62,"190":62,"191":62,"192":62,"193":868,"194":868,"197":62,"198":62,"199":62,"200":62,"201":0,"203":62,"204":62,"205":62,"206":62,"207":0,"209":62,"211":1,"212":0,"213":0,"214":0,"216":62,"217":1,"218":1687,"219":1687,"220":1687,"221":0,"223":1687,"225":62,"226":62,"227":4494,"228":4494,"229":121,"231":4373,"232":1687,"234":4373,"236":4494,"237":0,"238":0,"239":0,"240":0,"241":0,"244":0,"245":0,"247":0,"249":0,"257":4494,"258":0,"260":4494,"262":1625,"263":1625,"264":1625,"265":1625,"266":1625,"267":1625,"268":1625,"269":1625,"270":1625,"271":1625,"272":1625,"273":0,"276":0,"277":0,"279":1625,"281":2807,"282":2807,"283":2807,"289":2807,"290":0,"295":2807,"304":2807,"305":0,"307":2807,"308":2807,"309":2807,"310":2807,"312":2807,"313":2807,"314":2807,"315":2807,"316":2807,"317":2807,"319":62,"322":0,"326":1,"327":1,"332":0,"333":0,"335":0,"341":62,"342":62,"343":62,"344":62,"345":62,"346":62,"347":62,"353":62,"354":0,"356":62,"357":62,"362":0,"363":0,"364":0,"365":0,"366":0,"367":0,"368":0,"369":0,"370":0,"371":0,"373":0,"375":0,"376":0,"379":0,"380":0,"385":0,"386":0,"388":0,"389":0,"391":0,"392":0,"393":0,"394":0,"396":0,"397":0,"399":0,"401":0,"411":0,"412":0,"414":0,"415":0,"420":0,"421":0,"426":0,"427":0,"429":0,"436":0,"441":0,"446":0,"447":0,"452":0,"453":0,"454":0,"456":0,"461":0,"462":0,"463":0,"468":1625,"472":1625,"474":0,"494":0,"495":0,"499":1625,"500":1625,"501":12,"503":1625,"511":1625,"512":1625,"513":1625,"514":1625,"515":1625,"516":0,"518":1625,"519":1625,"520":1625,"521":1625,"522":1625,"523":1625,"524":0,"526":1625,"527":1625,"528":0,"530":0,"531":0,"533":0,"535":0,"540":1687,"541":62,"543":1625,"544":62,"547":1625,"551":1625,"552":1625,"553":1625,"555":1625,"556":1625,"557":44360,"558":44360,"559":1625,"560":1625,"561":1625,"562":0,"563":0,"564":0,"565":0,"566":0,"567":0,"570":0,"572":1625,"573":1625,"577":1625,"578":1625,"579":1625,"580":1625,"583":0,"585":0,"586":0,"588":0,"598":1687,"599":1687,"600":1687,"602":0,"608":0,"613":0,"614":0,"615":0,"617":0,"623":1625,"624":1625,"626":0,"632":0,"633":0,"634":0,"636":0,"642":0,"647":0,"651":1625,"652":1625,"653":8,"654":0,"655":2,"656":0,"657":5,"658":0,"659":2,"660":0,"661":0,"662":0,"663":63,"664":0,"665":0,"666":0,"667":2,"668":0,"669":0,"670":0,"671":0,"672":0,"673":62,"674":0,"675":0,"676":0,"677":29,"678":0,"679":14,"680":0,"681":27,"682":0,"683":136,"684":0,"685":15,"686":0,"687":1,"688":0,"689":3,"690":0,"691":6,"692":0,"693":4,"694":0,"695":5,"696":0,"697":6,"698":0,"699":31,"700":0,"701":2,"702":0,"703":6,"704":0,"705":8,"706":0,"707":3,"708":0,"709":0,"710":0,"711":852,"712":0,"713":28,"714":0,"715":26,"716":0,"717":26,"718":0,"719":3,"720":0,"721":4,"722":0,"723":3,"724":0,"725":3,"726":0,"727":0,"728":0,"729":178,"730":0,"731":0,"732":0,"733":62,"734":0,"740":1,"742":1,"743":1,"744":1,"746":1,"747":1,"751":1,"752":1,"753":1,"754":1,"755":1,"756":0,"757":0,"758":0,"760":0,"761":0,"763":1,"764":0}},
[...]
":"if","locations":[{"start":{"line":459,"column":12},"end":{"line":459,"column":12}},{"start":{"line":459,"column":12},"end":{"line":459,"column":12}}]},"49":{"line":465,"type":"if","locations":[{"start":{"line":465,"column":8},"end":{"line":465,"column":8}},{"start":{"line":465,"column":8},"end":{"line":465,"column":8}}]},"50":{"line":472,"type":"cond-expr","locations":[{"start":{"line":473,"column":25},"end":{"line":473,"column":107}},{"start":{"line":474,"column":25},"end":{"line":474,"column":66}}]},"51":{"line":480,"type":"if","locations":[{"start":{"line":480,"column":8},"end":{"line":480,"column":8}},{"start":{"line":480,"column":8},"end":{"line":480,"column":8}}]},"52":{"line":488,"type":"if","locations":[{"start":{"line":488,"column":8},"end":{"line":488,"column":8}},{"start":{"line":488,"column":8},"end":{"line":488,"column":8}}]},"53":{"line":488,"type":"binary-expr","locations":[{"start":{"line":488,"column":12},"end":{"line":488,"column":21}},{"start":{"line":488,"column":25},"end":{"line":488,"column":36}}]},"54":{"line":491,"type":"if","locations":[{"start":{"line":491,"column":8},"end":{"line":491,"column":8}},{"start":{"line":491,"column":8},"end":{"line":491,"column":8}}]},"55":{"line":493,"type":"if","locations":[{"start":{"line":493,"column":15},"end":{"line":493,"column":15}},{"start":{"line":493,"column":15},"end":{"line":493,"column":15}}]},"56":{"line":505,"type":"if","locations":[{"start":{"line":505,"column":8},"end":{"line":505,"column":8}},{"start":{"line":505,"column":8},"end":{"line":505,"column":8}}]},"57":{"line":508,"type":"if","locations":[{"start":{"line":508,"column":8},"end":{"line":508,"column":8}},{"start":{"line":508,"column":8},"end":{"line":508,"column":8}}]},"58":{"line":516,"type":"if","locations":[{"start":{"line":516,"column":8},"end":{"line":516,"column":8}},{"start":{"line":516,"column":8},"end":{"line":516,"column":8}}]},"59":{"line":523,"type":"if","locations":[{"start":{"line":523,"column":12},"end":{"line":523,"column":12}},{"start":{"line":523,"column":12},"end":{"line":523,"column":12}}]},"60":{"line":523,"type":"binary-expr","locations":[{"start":{"line":523,"column":16},"end":{"line":523,"column":25}},{"start":{"line":523,"column":30},"end":{"line":523,"column":36}},{"start":{"line":523,"column":40},"end":{"line":523,"column":77}}]},"61":{"line":526,"type":"if","locations":[{"start":{"line":526,"column":16},"end":{"line":526,"column":16}},{"start":{"line":526,"column":16},"end":{"line":526,"column":16}}]},"62":{"line":528,"type":"if","locations":[{"start":{"line":528,"column":20},"end":{"line":528,"column":20}},{"start":{"line":528,"column":20},"end":{"line":528,"column":20}}]},"63":{"line":530,"type":"if","locations":[{"start":{"line":530,"column":27},"end":{"line":530,"column":27}},{"start":{"line":530,"column":27},"end":{"line":530,"column":27}}]},"64":{"line":537,"type":"if","locations":[{"start":{"line":537,"column":23},"end":{"line":537,"column":23}},{"start":{"line":537,"column":23},"end":{"line":537,"column":23}}]},"65":{"line":542,"type":"if","locations":[{"start":{"line":542,"column":8},"end":{"line":542,"column":8}},{"start":{"line":542,"column":8},"end":{"line":542,"column":8}}]},"66":{"line":544,"type":"if","locations":[{"start":{"line":544,"column":12},"end":{"line":544,"column":12}},{"start":{"line":544,"column":12},"end":{"line":544,"column":12}}]},"67":{"line":550,"type":"if","locations":[{"start":{"line":550,"column":8},"end":{"line":550,"column":8}},{"start":{"line":550,"column":8},"end":{"line":550,"column":8}}]},"68":{"line":564,"type":"if","locations":[{"start":{"line":564,"column":8},"end":{"line":564,"column":8}},{"start":{"line":564,"column":8},"end":{"line":564,"column":8}}]},"69":{"line":579,"type":"if","locations":[{"start":{"line":579,"column":8},"end":{"line":579,"column":8}},{"start":{"line":579,"column":8},"end":{"line":579,"column":8}}]},"70":{"line":588,"type":"if","locations":[{"start":{"line":588,"column":8},"end":{"line":588,"column":8}},{"start":{"line":588,"column":8},"end":{"line":588,"column":8}}]},"71":{"line":588,"type":"binary-expr","locations":[{"start":{"line":588,"column":12},"end":{"line":588,"column":38}},{"start":{"line":588,"column":42},"end":{"line":588,"column":93}}]},"72":{"line":597,"type":"binary-expr","locations":[{"start":{"line":597,"column":54},"end":{"line":597,"column":55}},{"start":{"line":597,"column":59},"end":{"line":597,"column":60}}]},"73":{"line":598,"type":"if","locations":[{"start":{"line":598,"column":8},"end":{"line":598,"column":8}},{"start":{"line":598,"column":8},"end":{"line":598,"column":8}}]},"74":{"line":617,"type":"switch","locations":[{"start":{"line":618,"column":0},"end":{"line":619,"column":6}},{"start":{"line":620,"column":0},"end":{"line":621,"column":6}},{"start":{"line":622,"column":0},"end":{"line":623,"column":6}},{"start":{"line":624,"column":0},"end":{"line":625,"column":6}},{"start":{"line":626,"column":0},"end":{"line":627,"column":6}},{"start":{"line":628,"column":0},"end":{"line":629,"column":6}},{"start":{"line":630,"column":0},"end":{"line":631,"column":6}},{"start":{"line":632,"column":0},"end":{"line":633,"column":6}},{"start":{"line":634,"column":0},"end":{"line":635,"column":6}},{"start":{"line":636,"column":0},"end":{"line":637,"column":6}},{"start":{"line":638,"column":0},"end":{"line":639,"column":6}},{"start":{"line":640,"column":0},"end":{"line":641,"column":6}},{"start":{"line":642,"column":0},"end":{"line":643,"column":6}},{"start":{"line":644,"column":0},"end":{"line":645,"column":6}},{"start":{"line":646,"column":0},"end":{"line":647,"column":6}},{"start":{"line":648,"column":0},"end":{"line":649,"column":6}},{"start":{"line":650,"column":0},"end":{"line":651,"column":6}},{"start":{"line":652,"column":0},"end":{"line":653,"column":6}},{"start":{"line":654,"column":0},"end":{"line":655,"column":6}},{"start":{"line":656,"column":0},"end":{"line":657,"column":6}},{"start":{"line":658,"column":0},"end":{"line":659,"column":6}},{"start":{"line":660,"column":0},"end":{"line":661,"column":6}},{"start":{"line":662,"column":0},"end":{"line":663,"column":6}},{"start":{"line":664,"column":0},"end":{"line":665,"column":6}},{"start":{"line":666,"column":0},"end":{"line":667,"column":6}},{"start":{"line":668,"column":0},"end":{"line":669,"column":6}},{"start":{"line":670,"column":0},"end":{"line":671,"column":6}},{"start":{"line":672,"column":0},"end":{"line":673,"column":6}},{"start":{"line":674,"column":0},"end":{"line":675,"column":6}},{"start":{"line":676,"column":0},"end":{"line":677,"column":6}},{"start":{"line":678,"column":0},"end":{"line":679,"column":6}},{"start":{"line":680,"column":0},"end":{"line":681,"column":6}},{"start":{"line":682,"column":0},"end":{"line":683,"column":6}},{"start":{"line":684,"column":0},"end":{"line":685,"column":6}},{"start":{"line":686,"column":0},"end":{"line":687,"column":6}},{"start":{"line":688,"column":0},"end":{"line":689,"column":6}},{"start":{"line":690,"column":0},"end":{"line":691,"column":6}},{"start":{"line":692,"column":0},"end":{"line":693,"column":6}},{"start":{"line":694,"column":0},"end":{"line":695,"column":6}},{"start":{"line":696,"column":0},"end":{"line":697,"column":6}},{"start":{"line":698,"column":0},"end":{"line":699,"column":6}},{"start":{"line":700,"column":0},"end":{"line":701,"column":6}},{"start":{"line":702,"column":0},"end":{"line":703,"column":6}}]},"75":{"line":720,"type":"if","locations":[{"start":{"line":720,"column":0},"end":{"line":720,"column":0}},{"start":{"line":720,"column":0},"end":{"line":720,"column":0}}]},"76":{"line":720,"type":"binary-expr","locations":[{"start":{"line":720,"column":4},"end":{"line":720,"column":34}},{"start":{"line":720,"column":38},"end":{"line":720,"column":68}}]},"77":{"line":725,"type":"if","locations":[{"start":{"line":725,"column":4},"end":{"line":725,"column":4}},{"start":{"line":725,"column":4},"end":{"line":725,"column":4}}]},"78":{"line":732,"type":"if","locations":[{"start":{"line":732,"column":0},"end":{"line":732,"column":0}},{"start":{"line":732,"column":0},"end":{"line":732,"column":0}}]},"79":{"line":732,"type":"binary-expr","locations":[{"start":{"line":732,"column":4},"end":{"line":732,"column":33}},{"start":{"line":732,"column":37},"end":{"line":732,"column":60}}]}},"l":{"74":1,"75":60,"76":1,"84":0,"85":0,"87":0,"88":0,"90":0,"91":0,"93":0,"94":0,"96":0,"97":0,"99":0,"100":0,"102":0,"103":0,"105":0,"106":0,"108":0,"109":0,"111":0,"112":0,"115":0,"116":0,"117":0,"120":0,"121":0,"123":0,"126":0,"128":0,"130":0,"131":0,"133":0,"134":0,"136":0,"137":0,"139":0,"140":0,"146":0,"147":0,"149":0,"153":0,"154":0,"155":0,"156":0,"157":0,"158":0,"159":0,"162":0,"163":0,"164":0,"165":0,"166":0,"168":0,"169":0,"170":0,"171":0,"172":0,"174":0,"176":1,"177":0,"178":0,"179":0,"181":0,"182":1,"183":0,"184":0,"185":0,"186":0,"188":0,"190":0,"191":0,"192":0,"193":0,"194":0,"196":0,"197":0,"199":0,"201":0,"202":0,"203":0,"204":0,"205":0,"206":0,"209":0,"210":0,"212":0,"214":0,"222":0,"223":0,"225":0,"227":0,"228":0,"229":0,"230":0,"231":0,"232":0,"233":0,"234":0,"235":0,"236":0,"237":0,"238":0,"241":0,"242":0,"244":0,"246":0,"247":0,"248":0,"254":0,"255":0,"260":0,"269":0,"270":0,"272":0,"273":0,"274":0,"275":0,"277":0,"278":0,"279":0,"280":0,"281":0,"282":0,"284":0,"287":0,"291":1,"292":1,"297":0,"298":0,"300":0,"306":0,"307":0,"308":0,"309":0,"310":0,"311":0,"312":0,"318":0,"319":0,"321":0,"322":0,"327":0,"328":0,"329":0,"330":0,"331":0,"332":0,"333":0,"334":0,"335":0,"336":0,"338":0,"340":0,"341":0,"344":0,"345":0,"350":0,"351":0,"353":0,"354":0,"356":0,"357":0,"358":0,"359":0,"361":0,"362":0,"364":0,"366":0,"376":0,"377":0,"379":0,"380":0,"385":0,"386":0,"391":0,"392":0,"394":0,"401":0,"406":0,"411":0,"412":0,"417":0,"418":0,"419":0,"421":0,"426":0,"427":0,"428":0,"433":0,"437":0,"439":0,"459":0,"460":0,"464":0,"465":0,"466":0,"468":0,"476":0,"477":0,"478":0,"479":0,"480":0,"481":0,"483":0,"484":0,"485":0,"486":0,"487":0,"488":0,"489":0,"491":0,"492":0,"493":0,"495":0,"496":0,"498":0,"500":0,"505":0,"506":0,"508":0,"509":0,"512":0,"516":0,"517":0,"518":0,"520":0,"521":0,"522":0,"523":0,"524":0,"525":0,"526":0,"527":0,"528":0,"529":0,"530":0,"531":0,"532":0,"535":0,"537":0,"538":0,"542":0,"543":0,"544":0,"545":0,"548":0,"550":0,"551":0,"553":0,"563":0,"564":0,"565":0,"567":0,"573":0,"578":0,"579":0,"580":0,"582":0,"588":0,"589":0,"591":0,"597":0,"598":0,"599":0,"601":0,"607":0,"612":0,"616":0,"617":0,"618":0,"619":0,"620":0,"621":0,"622":0,"623":0,"624":0,"625":0,"626":0,"627":0,"628":0,"629":0,"630":0,"631":0,"632":0,"633":0,"634":0,"635":0,"636":0,"637":0,"638":0,"639":0,"640":0,"641":0,"642":0,"643":0,"644":0,"645":0,"646":0,"647":0,"648":0,"649":0,"650":0,"651":0,"652":0,"653":0,"654":0,"655":0,"656":0,"657":0,"658":0,"659":0,"660":0,"661":0,"662":0,"663":0,"664":0,"665":0,"666":0,"667":0,"668":0,"669":0,"670":0,"671":0,"672":0,"673":0,"674":0,"675":0,"676":0,"677":0,"678":0,"679":0,"680":0,"681":0,"682":0,"683":0,"684":0,"685":0,"686":0,"687":0,"688":0,"689":0,"690":0,"691":0,"692":0,"693":0,"694":0,"695":0,"696":0,"697":0,"698":0,"699":0,"700":0,"701":0,"702":0,"703":0,"709":1,"711":1,"712":1,"713":1,"715":1,"716":1,"720":1,"721":1,"722":1,"723":1,"724":1,"725":0,"726":0,"727":0,"729":0,"730":0,"732":1,"733":0}},
"/Users/szilardhuber/Starschema/mermaid/src/sequenceRenderer.js":{"path":"/Users/szilardhuber/Starschema/mermaid/src/sequenceRenderer.js","s":{"1":1,"2":1,"3":1,"4":0,"5":0,"6":0,"7":0,"8":0,"9":0,"10":0,"11":0,"12":0,"13":0,"14":0,"15":0,"16":0,"17":0,"18":0,"19":0,"20":0,"21":0,"22":0,"23":0,"24":0,"25":0,"26":0,"27":0,"28":0,"29":0,"30":0,"31":0,"32":0,"33":0,"34":0,"35":0,"36":0,"37":0,"38":0,"39":0,"40":0,"41":0,"42":0,"43":0,"44":0,"45":0,"46":0,"47":0,"48":0},"b":{"1":[0,0]},"f":{"1":0,"2":0,"3":0,"4":0,"5":0},"fnMap":{"1":{"name":"(anonymous_1)","line":14,"loc":{"start":{"line":14,"column":22},"end":{"line":14,"column":42}}},"2":{"name":"(anonymous_2)","line":31,"loc":{"start":{"line":31,"column":20},"end":{"line":31,"column":60}}},"3":{"name":"(anonymous_3)","line":61,"loc":{"start":{"line":61,"column":26},"end":{"line":61,"column":40}}},"4":{"name":"(anonymous_4)","line":73,"loc":{"start":{"line":73,"column":22},"end":{"line":73,"column":80}}},"5":{"name":"(anonymous_5)","line":143,"loc":{"start":{"line":143,"column":21},"end":{"line":143,"column":34}}}},"statementMap":{"1":{"start":{"line":6,"column":0},"end":{"line":6,"column":52}},"2":{"start":{"line":7,"column":0},"end":{"line":7,"column":32}},"3":{"start":{"line":14,"column":0},"end":{"line":155,"column":2}},"4":{"start":{"line":15,"column":4},"end":{"line":15,"column":18}},"5":{"start":{"line":16,"column":4},"end":{"line":16,"column":19}},"6":{"start":{"line":19,"column":4},"end":{"line":19,"column":25}},"7":{"start":{"line":20,"column":4},"end":{"line":20,"column":20}},"8":{"start":{"line":21,"column":4},"end":{"line":21,"column":20}},"9":{"start":{"line":22,"column":4},"end":{"line":22,"column":20}},"10":{"start":{"line":23,"column":4},"end":{"line":23,"column":26}},"11":{"start":{"line":24,"column":4},"end":{"line":24,"column":36}},"12":{"start":{"line":31,"column":4},"end":{"line":56,"column":6}},"13":{"start":{"line":32,"column":8},"end":{"line":32,"column":33}},"14":{"start":{"line":33,"column":8},"end":{"line":39,"column":36}},"15":{"start":{"line":41,"column":8},"end":{"line":49,"column":27}},"16":{"start":{"line":50,"column":8},"end":{"line":55,"column":9}},"17":{"start":{"line":61,"column":4},"end":{"line":71,"column":6}},"18":{"start":{"line":62,"column":8},"end":{"line":70,"column":43}},"19":{"start":{"line":73,"column":4},"end":{"line":108,"column":6}},"20":{"start":{"line":74,"column":8},"end":{"line":74,"column":33}},"21":{"start":{"line":77,"column":8},"end":{"line":101,"column":9}},"22":{"start":{"line":78,"column":12},"end":{"line":87,"column":55}},"23":{"start":{"line":91,"column":12},"end":{"line":99,"column":55}},"24":{"start":{"line":103,"column":8},"end":{"line":107,"column":31}},"25":{"start":{"line":111,"column":4},"end":{"line":111,"column":35}},"26":{"start":{"line":112,"column":4},"end":{"line":112,"column":41}},"27":{"start":{"line":113,"column":4},"end":{"line":113,"column":39}},"28":{"start":{"line":115,"column":4},"end":{"line":115,"column":20}},"29":{"start":{"line":118,"column":4},"end":{"line":134,"column":5}},"30":{"start":{"line":119,"column":8},"end":{"line":119,"column":31}},"31":{"start":{"line":122,"column":8},"end":{"line":122,"column":55}},"32":{"start":{"line":123,"column":8},"end":{"line":123,"column":37}},"33":{"start":{"line":124,"column":8},"end":{"line":124,"column":41}},"34":{"start":{"line":125,"column":8},"end":{"line":125,"column":42}},"35":{"start":{"line":127,"column":8},"end":{"line":127,"column":47}},"36":{"start":{"line":130,"column":8},"end":{"line":130,"column":44}},"37":{"start":{"line":133,"column":8},"end":{"line":133,"column":62}},"38":{"start":{"line":135,"column":4},"end":{"line":135,"column":24}},"39":{"start":{"line":139,"column":4},"end":{"line":139,"column":29}},"40":{"start":{"line":142,"column":4},"end":{"line":142,"column":39}},"41":{"start":{"line":143,"column":4},"end":{"line":151,"column":7}},"42":{"start":{"line":145,"column":8},"end":{"line":145,"column":39}},"43":{"start":{"line":146,"column":8},"end":{"line":146,"column":50}},"44":{"start":{"line":147,"column":8},"end":{"line":147,"column":47}},"45":{"start":{"line":148,"column":8},"end":{"line":148,"column":50}},"46":{"start":{"line":149,"column":8},"end":{"line":149,"column":73}},"47":{"start":{"line":153,"column":4},"end":{"line":153,"column":45}},"48":{"start":{"line":154,"column":4},"end":{"line":154,"column":33}}},"branchMap":{"1":{"line":77,"type":"if","locations":[{"start":{"line":77,"column":8},"end":{"line":77,"column":8}},{"start":{"line":77,"column":8},"end":{"line":77,"column":8}}]}},"l":{"6":1,"7":1,"14":1,"15":0,"16":0,"19":0,"20":0,"21":0,"22":0,"23":0,"24":0,"31":0,"32":0,"33":0,"41":0,"50":0,"61":0,"62":0,"73":0,"74":0,"77":0,"78":0,"91":0,"103":0,"111":0,"112":0,"113":0,"115":0,"118":0,"119":0,"122":0,"123":0,"124":0,"125":0,"127":0,"130":0,"133":0,"135":0,"139":0,"142":0,"143":0,"145":0,"146":0,"147":0,"148":0,"149":0,"153":0,"154":0}},
"/Users/szilardhuber/Starschema/mermaid/src/sequenceDb.js":{"path":"/Users/szilardhuber/Starschema/mermaid/src/sequenceDb.js","s":{"1":1,"2":1,"3":1,"4":1,"5":1,"6":15,"7":15,"8":1,"9":2,"10":1,"11":2,"12":1,"13":3,"14":1,"15":6,"16":1,"17":0,"18":1,"19":0,"20":1,"21":8,"22":8,"23":1,"24":1,"25":1,"26":1,"27":1,"28":1,"29":1,"30":0},"b":{},"f":{"1":15,"2":2,"3":2,"4":3,"5":6,"6":0,"7":0,"8":8,"9":1,"10":0},"fnMap":{"1":{"name":"(anonymous_1)","line":8,"loc":{"start":{"line":8,"column":19},"end":{"line":8,"column":48}}},"2":{"name":"(anonymous_2)","line":14,"loc":{"start":{"line":14,"column":21},"end":{"line":14,"column":61}}},"3":{"name":"(anonymous_3)","line":19,"loc":{"start":{"line":19,"column":20},"end":{"line":19,"column":65}}},"4":{"name":"(anonymous_4)","line":24,"loc":{"start":{"line":24,"column":22},"end":{"line":24,"column":32}}},"5":{"name":"(anonymous_5)","line":28,"loc":{"start":{"line":28,"column":20},"end":{"line":28,"column":30}}},"6":{"name":"(anonymous_6)","line":31,"loc":{"start":{"line":31,"column":19},"end":{"line":31,"column":31}}},"7":{"name":"(anonymous_7)","line":34,"loc":{"start":{"line":34,"column":23},"end":{"line":34,"column":33}}},"8":{"name":"(anonymous_8)","line":38,"loc":{"start":{"line":38,"column":16},"end":{"line":38,"column":26}}},"9":{"name":"(anonymous_9)","line":59,"loc":{"start":{"line":59,"column":18},"end":{"line":59,"column":54}}},"10":{"name":"(anonymous_10)","line":66,"loc":{"start":{"line":66,"column":21},"end":{"line":66,"column":41}}}},"statementMap":{"1":{"start":{"line":4,"column":0},"end":{"line":4,"column":16}},"2":{"start":{"line":5,"column":0},"end":{"line":5,"column":19}},"3":{"start":{"line":6,"column":0},"end":{"line":6,"column":18}},"4":{"start":{"line":7,"column":0},"end":{"line":7,"column":15}},"5":{"start":{"line":8,"column":0},"end":{"line":12,"column":2}},"6":{"start":{"line":10,"column":4},"end":{"line":10,"column":54}},"7":{"start":{"line":11,"column":4},"end":{"line":11,"column":23}},"8":{"start":{"line":14,"column":0},"end":{"line":17,"column":2}},"9":{"start":{"line":16,"column":4},"end":{"line":16,"column":74}},"10":{"start":{"line":19,"column":0},"end":{"line":22,"column":2}},"11":{"start":{"line":21,"column":4},"end":{"line":21,"column":77}},"12":{"start":{"line":24,"column":0},"end":{"line":26,"column":2}},"13":{"start":{"line":25,"column":4},"end":{"line":25,"column":20}},"14":{"start":{"line":28,"column":0},"end":{"line":30,"column":2}},"15":{"start":{"line":29,"column":4},"end":{"line":29,"column":18}},"16":{"start":{"line":31,"column":0},"end":{"line":33,"column":2}},"17":{"start":{"line":32,"column":4},"end":{"line":32,"column":22}},"18":{"start":{"line":34,"column":0},"end":{"line":36,"column":2}},"19":{"start":{"line":35,"column":4},"end":{"line":35,"column":31}},"20":{"start":{"line":38,"column":0},"end":{"line":41,"column":2}},"21":{"start":{"line":39,"column":4},"end":{"line":39,"column":16}},"22":{"start":{"line":40,"column":4},"end":{"line":40,"column":18}},"23":{"start":{"line":43,"column":0},"end":{"line":46,"column":2}},"24":{"start":{"line":48,"column":0},"end":{"line":51,"column":2}},"25":{"start":{"line":53,"column":0},"end":{"line":57,"column":2}},"26":{"start":{"line":59,"column":0},"end":{"line":63,"column":2}},"27":{"start":{"line":60,"column":4},"end":{"line":60,"column":68}},"28":{"start":{"line":62,"column":4},"end":{"line":62,"column":21}},"29":{"start":{"line":66,"column":0},"end":{"line":68,"column":2}},"30":{"start":{"line":67,"column":4},"end":{"line":67,"column":39}}},"branchMap":{},"l":{"4":1,"5":1,"6":1,"7":1,"8":1,"10":15,"11":15,"14":1,"16":2,"19":1,"21":2,"24":1,"25":3,"28":1,"29":6,"31":1,"32":0,"34":1,"35":0,"38":1,"39":8,"40":8,"43":1,"48":1,"53":1,"59":1,"60":1,"62":1,"66":1,"67":0}}}
