TN:
SF:/Users/szilardhuber/Starschema/mermaid/src/utils.js
FN:4,(anonymous_1)
FNF:1
FNH:1
FNDA:6,(anonymous_1)
DA:4,1
DA:5,6
DA:6,0
DA:7,0
DA:10,6
DA:12,3
DA:15,3
DA:16,0
DA:17,0
DA:20,3
LF:10
LH:6
BRDA:5,1,0,0
BRDA:5,1,1,6
BRDA:10,2,0,3
BRDA:10,2,1,3
BRDA:15,3,0,0
BRDA:15,3,1,3
BRF:6
BRH:4
end_of_record
TN:
SF:/Users/szilardhuber/Starschema/mermaid/src/graphDb.js
FN:18,(anonymous_1)
FN:41,(anonymous_2)
FN:55,(anonymous_3)
FN:74,(anonymous_4)
FN:79,(anonymous_5)
FN:86,(anonymous_6)
FN:97,(anonymous_7)
FN:105,(anonymous_8)
FN:107,(anonymous_9)
FN:122,(anonymous_10)
FN:126,(anonymous_11)
FN:128,(anonymous_12)
FN:131,(anonymous_13)
FN:141,(anonymous_14)
FN:145,(anonymous_15)
FN:157,(anonymous_16)
FN:159,(anonymous_17)
FN:165,(anonymous_18)
FN:172,(anonymous_19)
FN:180,(anonymous_20)
FN:188,(anonymous_21)
FN:195,(anonymous_22)
FN:205,(anonymous_23)
FNF:23
FNH:13
FNDA:110,(anonymous_1)
FNDA:12,(anonymous_2)
FNDA:45,(anonymous_3)
FNDA:2,(anonymous_4)
FNDA:5,(anonymous_5)
FNDA:10,(anonymous_6)
FNDA:62,(anonymous_7)
FNDA:2,(anonymous_8)
FNDA:2,(anonymous_9)
FNDA:0,(anonymous_10)
FNDA:0,(anonymous_11)
FNDA:0,(anonymous_12)
FNDA:0,(anonymous_13)
FNDA:0,(anonymous_14)
FNDA:0,(anonymous_15)
FNDA:0,(anonymous_16)
FNDA:0,(anonymous_17)
FNDA:0,(anonymous_18)
FNDA:57,(anonymous_19)
FNDA:55,(anonymous_20)
FNDA:5,(anonymous_21)
FNDA:61,(anonymous_22)
FNDA:0,(anonymous_23)
DA:5,1
DA:6,1
DA:7,1
DA:8,1
DA:10,1
DA:18,1
DA:20,110
DA:21,0
DA:23,110
DA:24,0
DA:27,110
DA:28,103
DA:30,110
DA:31,31
DA:33,110
DA:34,31
DA:36,110
DA:37,31
DA:39,110
DA:40,8
DA:41,8
DA:42,12
DA:55,1
DA:57,45
DA:58,45
DA:60,45
DA:61,14
DA:64,45
DA:65,45
DA:67,45
DA:74,1
DA:75,2
DA:76,2
DA:79,1
DA:80,5
DA:81,5
DA:84,5
DA:85,5
DA:86,5
DA:87,10
DA:97,1
DA:98,62
DA:105,1
DA:106,2
DA:107,1
DA:108,2
DA:109,2
DA:113,1
DA:114,1
DA:122,1
DA:125,0
DA:126,0
DA:127,0
DA:128,0
DA:129,0
DA:130,0
DA:131,0
DA:132,0
DA:140,0
DA:141,0
DA:142,0
DA:143,0
DA:145,0
DA:157,1
DA:159,0
DA:160,0
DA:165,1
DA:166,0
DA:172,1
DA:173,57
DA:180,1
DA:181,55
DA:188,1
DA:189,5
DA:195,1
DA:196,61
DA:197,61
DA:198,61
DA:199,61
DA:205,1
DA:206,0
LF:81
LH:62
BRDA:20,1,0,0
BRDA:20,1,1,110
BRDA:23,2,0,0
BRDA:23,2,1,110
BRDA:27,3,0,103
BRDA:27,3,1,7
BRDA:30,4,0,31
BRDA:30,4,1,79
BRDA:33,5,0,31
BRDA:33,5,1,79
BRDA:36,6,0,31
BRDA:36,6,1,79
BRDA:39,7,0,8
BRDA:39,7,1,102
BRDA:40,8,0,8
BRDA:40,8,1,0
BRDA:60,9,0,14
BRDA:60,9,1,31
BRDA:64,10,0,45
BRDA:64,10,1,0
BRDA:80,11,0,5
BRDA:80,11,1,0
BRDA:84,12,0,5
BRDA:84,12,1,0
BRDA:85,13,0,5
BRDA:85,13,1,0
BRDA:106,14,0,1
BRDA:106,14,1,1
BRDA:108,15,0,2
BRDA:108,15,1,0
BRDA:113,16,0,1
BRDA:113,16,1,0
BRDA:125,17,0,0
BRDA:125,17,1,0
BRDA:127,18,0,0
BRDA:127,18,1,0
BRDA:130,19,0,0
BRDA:130,19,1,0
BRDA:140,20,0,0
BRDA:140,20,1,0
BRDA:143,21,0,0
BRDA:143,21,1,0
BRF:42
BRH:23
end_of_record
TN:
SF:/Users/szilardhuber/Starschema/mermaid/src/parser/flow.js
FN:74,(anonymous_1)
FN:75,(anonymous_2)
FN:76,trace
FN:81,anonymous
FN:180,parseError
FN:187,parse
FN:211,popStack
FN:217,lex
FN:326,(anonymous_9)
FN:331,parseError
FN:340,(anonymous_11)
FN:361,(anonymous_12)
FN:384,(anonymous_13)
FN:419,(anonymous_14)
FN:425,(anonymous_15)
FN:440,(anonymous_16)
FN:445,(anonymous_17)
FN:451,(anonymous_18)
FN:460,(anonymous_19)
FN:467,(anonymous_20)
FN:539,(anonymous_21)
FN:597,lex
FN:607,begin
FN:612,popState
FN:622,_currentRules
FN:631,topState
FN:641,pushState
FN:646,stateStackSize
FN:650,anonymous
FN:743,Parser
FN:754,(anonymous_31)
FN:755,commonjsMain
FNF:32
FNH:13
FNDA:1,(anonymous_1)
FNDA:72,(anonymous_2)
FNDA:0,trace
FNDA:2807,anonymous
FNDA:0,parseError
FNDA:62,parse
FNDA:0,popStack
FNDA:1687,lex
FNDA:1,(anonymous_9)
FNDA:0,parseError
FNDA:62,(anonymous_11)
FNDA:0,(anonymous_12)
FNDA:0,(anonymous_13)
FNDA:0,(anonymous_14)
FNDA:0,(anonymous_15)
FNDA:0,(anonymous_16)
FNDA:0,(anonymous_17)
FNDA:0,(anonymous_18)
FNDA:0,(anonymous_19)
FNDA:1625,(anonymous_20)
FNDA:1687,(anonymous_21)
FNDA:1687,lex
FNDA:0,begin
FNDA:0,popState
FNDA:1625,_currentRules
FNDA:0,topState
FNDA:0,pushState
FNDA:0,stateStackSize
FNDA:1625,anonymous
FNDA:1,Parser
FNDA:0,(anonymous_31)
FNDA:0,commonjsMain
DA:74,1
DA:75,72
DA:76,1
DA:84,2807
DA:85,2807
DA:87,2
DA:88,2
DA:90,62
DA:91,62
DA:93,45
DA:94,45
DA:96,12
DA:97,12
DA:99,3
DA:100,3
DA:102,2
DA:103,2
DA:105,22
DA:106,22
DA:108,3
DA:109,3
DA:111,1
DA:112,1
DA:114,71
DA:115,71
DA:117,866
DA:118,866
DA:120,423
DA:121,423
DA:123,1
DA:124,1
DA:126,109
DA:127,109
DA:129,1
DA:130,1
DA:132,14
DA:133,14
DA:135,31
DA:136,31
DA:138,2
DA:139,2
DA:141,6
DA:142,6
DA:144,6
DA:145,6
DA:147,14
DA:148,14
DA:150,5
DA:151,5
DA:153,2
DA:154,2
DA:156,0
DA:157,0
DA:159,8
DA:160,8
DA:162,2
DA:163,2
DA:165,15
DA:166,15
DA:168,11
DA:169,11
DA:171,408
DA:172,408
DA:174,434
DA:175,434
DA:181,0
DA:182,0
DA:184,0
DA:188,62
DA:189,62
DA:190,62
DA:191,62
DA:192,62
DA:193,868
DA:194,868
DA:197,62
DA:198,62
DA:199,62
DA:200,62
DA:201,0
DA:203,62
DA:204,62
DA:205,62
DA:206,62
DA:207,0
DA:209,62
DA:211,1
DA:212,0
DA:213,0
DA:214,0
DA:216,62
DA:217,1
DA:218,1687
DA:219,1687
DA:220,1687
DA:221,0
DA:223,1687
DA:225,62
DA:226,62
DA:227,4494
DA:228,4494
DA:229,121
DA:231,4373
DA:232,1687
DA:234,4373
DA:236,4494
DA:237,0
DA:238,0
DA:239,0
DA:240,0
DA:241,0
DA:244,0
DA:245,0
DA:247,0
DA:249,0
DA:257,4494
DA:258,0
DA:260,4494
DA:262,1625
DA:263,1625
DA:264,1625
DA:265,1625
DA:266,1625
DA:267,1625
DA:268,1625
DA:269,1625
DA:270,1625
DA:271,1625
DA:272,1625
DA:273,0
DA:276,0
DA:277,0
DA:279,1625
DA:281,2807
DA:282,2807
DA:283,2807
DA:289,2807
DA:290,0
DA:295,2807
DA:304,2807
DA:305,0
DA:307,2807
DA:308,2807
DA:309,2807
DA:310,2807
DA:312,2807
DA:313,2807
DA:314,2807
DA:315,2807
DA:316,2807
DA:317,2807
DA:319,62
DA:322,0
DA:326,1
DA:327,1
DA:332,0
DA:333,0
DA:335,0
DA:341,62
DA:342,62
DA:343,62
DA:344,62
DA:345,62
DA:346,62
DA:347,62
DA:353,62
DA:354,0
DA:356,62
DA:357,62
DA:362,0
DA:363,0
DA:364,0
DA:365,0
DA:366,0
DA:367,0
DA:368,0
DA:369,0
DA:370,0
DA:371,0
DA:373,0
DA:375,0
DA:376,0
DA:379,0
DA:380,0
DA:385,0
DA:386,0
DA:388,0
DA:389,0
DA:391,0
DA:392,0
DA:393,0
DA:394,0
DA:396,0
DA:397,0
DA:399,0
DA:401,0
DA:411,0
DA:412,0
DA:414,0
DA:415,0
DA:420,0
DA:421,0
DA:426,0
DA:427,0
DA:429,0
DA:436,0
DA:441,0
DA:446,0
DA:447,0
DA:452,0
DA:453,0
DA:454,0
DA:456,0
DA:461,0
DA:462,0
DA:463,0
DA:468,1625
DA:472,1625
DA:474,0
DA:494,0
DA:495,0
DA:499,1625
DA:500,1625
DA:501,12
DA:503,1625
DA:511,1625
DA:512,1625
DA:513,1625
DA:514,1625
DA:515,1625
DA:516,0
DA:518,1625
DA:519,1625
DA:520,1625
DA:521,1625
DA:522,1625
DA:523,1625
DA:524,0
DA:526,1625
DA:527,1625
DA:528,0
DA:530,0
DA:531,0
DA:533,0
DA:535,0
DA:540,1687
DA:541,62
DA:543,1625
DA:544,62
DA:547,1625
DA:551,1625
DA:552,1625
DA:553,1625
DA:555,1625
DA:556,1625
DA:557,44360
DA:558,44360
DA:559,1625
DA:560,1625
DA:561,1625
DA:562,0
DA:563,0
DA:564,0
DA:565,0
DA:566,0
DA:567,0
DA:570,0
DA:572,1625
DA:573,1625
DA:577,1625
DA:578,1625
DA:579,1625
DA:580,1625
DA:583,0
DA:585,0
DA:586,0
DA:588,0
DA:598,1687
DA:599,1687
DA:600,1687
DA:602,0
DA:608,0
DA:613,0
DA:614,0
DA:615,0
DA:617,0
DA:623,1625
DA:624,1625
DA:626,0
DA:632,0
DA:633,0
DA:634,0
DA:636,0
DA:642,0
DA:647,0
DA:651,1625
DA:652,1625
DA:653,8
DA:654,0
DA:655,2
DA:656,0
DA:657,5
DA:658,0
DA:659,2
DA:660,0
DA:661,0
DA:662,0
DA:663,63
DA:664,0
DA:665,0
DA:666,0
DA:667,2
DA:668,0
DA:669,0
DA:670,0
DA:671,0
DA:672,0
DA:673,62
DA:674,0
DA:675,0
DA:676,0
DA:677,29
DA:678,0
DA:679,14
DA:680,0
DA:681,27
DA:682,0
DA:683,136
DA:684,0
DA:685,15
DA:686,0
DA:687,1
DA:688,0
DA:689,3
DA:690,0
DA:691,6
DA:692,0
DA:693,4
DA:694,0
DA:695,5
DA:696,0
DA:697,6
DA:698,0
DA:699,31
DA:700,0
DA:701,2
DA:702,0
DA:703,6
DA:704,0
DA:705,8
DA:706,0
DA:707,3
DA:708,0
DA:709,0
DA:710,0
DA:711,852
DA:712,0
DA:713,28
DA:714,0
DA:715,26
DA:716,0
DA:717,26
DA:718,0
DA:719,3
DA:720,0
DA:721,4
DA:722,0
DA:723,3
DA:724,0
DA:725,3
DA:726,0
DA:727,0
DA:728,0
DA:729,178
DA:730,0
DA:731,0
DA:732,0
DA:733,62
DA:734,0
DA:740,1
DA:742,1
DA:743,1
DA:744,1
DA:746,1
DA:747,1
DA:751,1
DA:752,1
DA:753,1
DA:754,1
DA:755,1
DA:756,0
DA:757,0
DA:758,0
DA:760,0
DA:761,0
DA:763,1
DA:764,0
LF:397
LH:230
BRDA:85,1,0,2
BRDA:85,1,1,62
BRDA:85,1,2,45
BRDA:85,1,3,12
BRDA:85,1,4,3
BRDA:85,1,5,2
BRDA:85,1,6,22
BRDA:85,1,7,3
BRDA:85,1,8,3
BRDA:85,1,9,1
BRDA:85,1,10,71
BRDA:85,1,11,119
BRDA:85,1,12,286
BRDA:85,1,13,450
BRDA:85,1,14,453
BRDA:85,1,15,498
BRDA:85,1,16,833
BRDA:85,1,17,840
BRDA:85,1,18,840
BRDA:85,1,19,840
BRDA:85,1,20,840
BRDA:85,1,21,866
BRDA:85,1,22,49
BRDA:85,1,23,423
BRDA:85,1,24,423
BRDA:85,1,25,1
BRDA:85,1,26,0
BRDA:85,1,27,1
BRDA:85,1,28,1
BRDA:85,1,29,1
BRDA:85,1,30,1
BRDA:85,1,31,1
BRDA:85,1,32,32
BRDA:85,1,33,33
BRDA:85,1,34,36
BRDA:85,1,35,39
BRDA:85,1,36,40
BRDA:85,1,37,43
BRDA:85,1,38,47
BRDA:85,1,39,51
BRDA:85,1,40,55
BRDA:85,1,41,101
BRDA:85,1,42,106
BRDA:85,1,43,109
BRDA:85,1,44,109
BRDA:85,1,45,109
BRDA:85,1,46,109
BRDA:85,1,47,109
BRDA:85,1,48,109
BRDA:85,1,49,109
BRDA:85,1,50,109
BRDA:85,1,51,109
BRDA:85,1,52,109
BRDA:85,1,53,1
BRDA:85,1,54,1
BRDA:85,1,55,1
BRDA:85,1,56,14
BRDA:85,1,57,31
BRDA:85,1,58,2
BRDA:85,1,59,6
BRDA:85,1,60,6
BRDA:85,1,61,14
BRDA:85,1,62,5
BRDA:85,1,63,2
BRDA:85,1,64,0
BRDA:85,1,65,8
BRDA:85,1,66,0
BRDA:85,1,67,2
BRDA:85,1,68,15
BRDA:85,1,69,11
BRDA:85,1,70,408
BRDA:85,1,71,353
BRDA:85,1,72,379
BRDA:85,1,73,381
BRDA:85,1,74,398
BRDA:85,1,75,398
BRDA:85,1,76,419
BRDA:85,1,77,419
BRDA:85,1,78,432
BRDA:85,1,79,434
BRDA:181,2,0,0
BRDA:181,2,1,0
BRDA:193,3,0,868
BRDA:193,3,1,0
BRDA:200,4,0,0
BRDA:200,4,1,62
BRDA:205,5,0,62
BRDA:205,5,1,62
BRDA:206,6,0,0
BRDA:206,6,1,62
BRDA:219,7,0,1687
BRDA:219,7,1,0
BRDA:220,8,0,0
BRDA:220,8,1,1687
BRDA:221,9,0,0
BRDA:221,9,1,0
BRDA:228,10,0,121
BRDA:228,10,1,4373
BRDA:231,11,0,1687
BRDA:231,11,1,2686
BRDA:231,12,0,4373
BRDA:231,12,1,2748
BRDA:234,13,0,4373
BRDA:234,13,1,4373
BRDA:236,14,0,0
BRDA:236,14,1,4494
BRDA:236,15,0,4494
BRDA:236,15,1,4494
BRDA:236,15,2,4494
BRDA:240,16,0,0
BRDA:240,16,1,0
BRDA:240,17,0,0
BRDA:240,17,1,0
BRDA:244,18,0,0
BRDA:244,18,1,0
BRDA:245,19,0,0
BRDA:245,19,1,0
BRDA:247,20,0,0
BRDA:247,20,1,0
BRDA:247,21,0,0
BRDA:247,21,1,0
BRDA:251,22,0,0
BRDA:251,22,1,0
BRDA:257,23,0,0
BRDA:257,23,1,4494
BRDA:257,24,0,4494
BRDA:257,24,1,0
BRDA:260,25,0,1625
BRDA:260,25,1,2807
BRDA:260,25,2,62
BRDA:267,26,0,1625
BRDA:267,26,1,0
BRDA:272,27,0,0
BRDA:272,27,1,1625
BRDA:284,28,0,2807
BRDA:284,28,1,0
BRDA:286,29,0,2807
BRDA:286,29,1,0
BRDA:289,30,0,0
BRDA:289,30,1,2807
BRDA:291,31,0,0
BRDA:291,31,1,0
BRDA:304,32,0,0
BRDA:304,32,1,2807
BRDA:307,33,0,2807
BRDA:307,33,1,0
BRDA:332,34,0,0
BRDA:332,34,1,0
BRDA:341,35,0,62
BRDA:341,35,1,0
BRDA:341,35,2,0
BRDA:353,36,0,0
BRDA:353,36,1,62
BRDA:369,37,0,0
BRDA:369,37,1,0
BRDA:375,38,0,0
BRDA:375,38,1,0
BRDA:396,39,0,0
BRDA:396,39,1,0
BRDA:405,40,0,0
BRDA:405,40,1,0
BRDA:406,41,0,0
BRDA:406,41,1,0
BRDA:411,42,0,0
BRDA:411,42,1,0
BRDA:426,43,0,0
BRDA:426,43,1,0
BRDA:447,44,0,0
BRDA:447,44,1,0
BRDA:453,45,0,0
BRDA:453,45,1,0
BRDA:456,46,0,0
BRDA:456,46,1,0
BRDA:472,47,0,0
BRDA:472,47,1,1625
BRDA:494,48,0,0
BRDA:494,48,1,0
BRDA:500,49,0,12
BRDA:500,49,1,1613
BRDA:507,50,0,12
BRDA:507,50,1,1613
BRDA:515,51,0,0
BRDA:515,51,1,1625
BRDA:523,52,0,0
BRDA:523,52,1,1625
BRDA:523,53,0,1625
BRDA:523,53,1,62
BRDA:526,54,0,1625
BRDA:526,54,1,0
BRDA:528,55,0,0
BRDA:528,55,1,0
BRDA:540,56,0,62
BRDA:540,56,1,1625
BRDA:543,57,0,62
BRDA:543,57,1,1563
BRDA:551,58,0,1625
BRDA:551,58,1,0
BRDA:558,59,0,1625
BRDA:558,59,1,42735
BRDA:558,60,0,44360
BRDA:558,60,1,1625
BRDA:558,60,2,0
BRDA:561,61,0,0
BRDA:561,61,1,1625
BRDA:563,62,0,0
BRDA:563,62,1,0
BRDA:565,63,0,0
BRDA:565,63,1,0
BRDA:572,64,0,1625
BRDA:572,64,1,0
BRDA:577,65,0,1625
BRDA:577,65,1,0
BRDA:579,66,0,1625
BRDA:579,66,1,0
BRDA:585,67,0,0
BRDA:585,67,1,0
BRDA:599,68,0,1687
BRDA:599,68,1,0
BRDA:614,69,0,0
BRDA:614,69,1,0
BRDA:623,70,0,1625
BRDA:623,70,1,0
BRDA:623,71,0,1625
BRDA:623,71,1,1625
BRDA:632,72,0,0
BRDA:632,72,1,0
BRDA:633,73,0,0
BRDA:633,73,1,0
BRDA:652,74,0,8
BRDA:652,74,1,2
BRDA:652,74,2,5
BRDA:652,74,3,2
BRDA:652,74,4,0
BRDA:652,74,5,63
BRDA:652,74,6,0
BRDA:652,74,7,2
BRDA:652,74,8,0
BRDA:652,74,9,0
BRDA:652,74,10,62
BRDA:652,74,11,0
BRDA:652,74,12,29
BRDA:652,74,13,14
BRDA:652,74,14,27
BRDA:652,74,15,136
BRDA:652,74,16,15
BRDA:652,74,17,1
BRDA:652,74,18,3
BRDA:652,74,19,6
BRDA:652,74,20,4
BRDA:652,74,21,5
BRDA:652,74,22,6
BRDA:652,74,23,31
BRDA:652,74,24,2
BRDA:652,74,25,6
BRDA:652,74,26,8
BRDA:652,74,27,3
BRDA:652,74,28,0
BRDA:652,74,29,852
BRDA:652,74,30,28
BRDA:652,74,31,26
BRDA:652,74,32,26
BRDA:652,74,33,3
BRDA:652,74,34,4
BRDA:652,74,35,3
BRDA:652,74,36,3
BRDA:652,74,37,0
BRDA:652,74,38,178
BRDA:652,74,39,0
BRDA:652,74,40,62
BRDA:751,75,0,1
BRDA:751,75,1,0
BRDA:751,76,0,1
BRDA:751,76,1,1
BRDA:756,77,0,0
BRDA:756,77,1,0
BRDA:763,78,0,0
BRDA:763,78,1,1
BRDA:763,79,0,1
BRDA:763,79,1,1
BRF:279
BRH:176
end_of_record
TN:
SF:/Users/szilardhuber/Starschema/mermaid/src/parser/sequence.js
FN:74,(anonymous_1)
FN:75,(anonymous_2)
FN:76,trace
FN:81,anonymous
FN:126,parseError
FN:133,parse
FN:157,popStack
FN:163,lex
FN:271,(anonymous_9)
FN:276,parseError
FN:285,(anonymous_11)
FN:306,(anonymous_12)
FN:329,(anonymous_13)
FN:364,(anonymous_14)
FN:370,(anonymous_15)
FN:385,(anonymous_16)
FN:390,(anonymous_17)
FN:396,(anonymous_18)
FN:405,(anonymous_19)
FN:412,(anonymous_20)
FN:484,(anonymous_21)
FN:542,lex
FN:552,begin
FN:557,popState
FN:567,_currentRules
FN:576,topState
FN:586,pushState
FN:591,stateStackSize
FN:595,anonymous
FN:640,Parser
FN:651,(anonymous_31)
FN:652,commonjsMain
FNF:32
FNH:13
FNDA:1,(anonymous_1)
FNDA:20,(anonymous_2)
FNDA:0,trace
FNDA:219,anonymous
FNDA:0,parseError
FNDA:7,parse
FNDA:0,popStack
FNDA:112,lex
FNDA:1,(anonymous_9)
FNDA:0,parseError
FNDA:7,(anonymous_11)
FNDA:0,(anonymous_12)
FNDA:0,(anonymous_13)
FNDA:0,(anonymous_14)
FNDA:0,(anonymous_15)
FNDA:0,(anonymous_16)
FNDA:0,(anonymous_17)
FNDA:0,(anonymous_18)
FNDA:0,(anonymous_19)
FNDA:105,(anonymous_20)
FNDA:112,(anonymous_21)
FNDA:112,lex
FNDA:0,begin
FNDA:0,popState
FNDA:105,_currentRules
FNDA:0,topState
FNDA:0,pushState
FNDA:0,stateStackSize
FNDA:105,anonymous
FNDA:1,Parser
FNDA:0,(anonymous_31)
FNDA:0,commonjsMain
DA:74,1
DA:75,20
DA:76,1
DA:84,219
DA:85,219
DA:87,12
DA:88,12
DA:90,7
DA:91,7
DA:93,7
DA:94,7
DA:96,12
DA:97,12
DA:99,10
DA:100,10
DA:102,1
DA:103,1
DA:105,1
DA:106,1
DA:108,0
DA:109,0
DA:111,0
DA:112,0
DA:114,0
DA:115,0
DA:117,90
DA:118,90
DA:120,18
DA:121,18
DA:127,0
DA:128,0
DA:130,0
DA:134,7
DA:135,7
DA:136,7
DA:137,7
DA:138,7
DA:139,91
DA:140,91
DA:143,7
DA:144,7
DA:145,7
DA:146,7
DA:147,0
DA:149,7
DA:150,7
DA:151,7
DA:152,7
DA:153,7
DA:155,0
DA:157,1
DA:158,0
DA:159,0
DA:160,0
DA:162,7
DA:163,1
DA:164,112
DA:165,112
DA:166,112
DA:167,0
DA:169,112
DA:171,7
DA:172,7
DA:173,331
DA:174,331
DA:175,19
DA:177,312
DA:178,112
DA:180,312
DA:182,331
DA:183,0
DA:184,0
DA:185,0
DA:186,0
DA:187,0
DA:190,0
DA:191,0
DA:193,0
DA:195,0
DA:203,331
DA:204,0
DA:206,331
DA:208,105
DA:209,105
DA:210,105
DA:211,105
DA:212,105
DA:213,105
DA:214,105
DA:215,105
DA:216,105
DA:217,105
DA:218,105
DA:219,0
DA:222,0
DA:223,0
DA:225,105
DA:227,219
DA:228,219
DA:229,219
DA:235,219
DA:236,0
DA:241,219
DA:250,219
DA:251,0
DA:253,219
DA:254,219
DA:255,219
DA:256,219
DA:258,219
DA:259,219
DA:260,219
DA:261,219
DA:262,219
DA:263,219
DA:265,7
DA:268,0
DA:271,1
DA:272,1
DA:277,0
DA:278,0
DA:280,0
DA:286,7
DA:287,7
DA:288,7
DA:289,7
DA:290,7
DA:291,7
DA:292,7
DA:298,7
DA:299,0
DA:301,7
DA:302,7
DA:307,0
DA:308,0
DA:309,0
DA:310,0
DA:311,0
DA:312,0
DA:313,0
DA:314,0
DA:315,0
DA:316,0
DA:318,0
DA:320,0
DA:321,0
DA:324,0
DA:325,0
DA:330,0
DA:331,0
DA:333,0
DA:334,0
DA:336,0
DA:337,0
DA:338,0
DA:339,0
DA:341,0
DA:342,0
DA:344,0
DA:346,0
DA:356,0
DA:357,0
DA:359,0
DA:360,0
DA:365,0
DA:366,0
DA:371,0
DA:372,0
DA:374,0
DA:381,0
DA:386,0
DA:391,0
DA:392,0
DA:397,0
DA:398,0
DA:399,0
DA:401,0
DA:406,0
DA:407,0
DA:408,0
DA:413,105
DA:417,105
DA:419,0
DA:439,0
DA:440,0
DA:444,105
DA:445,105
DA:446,17
DA:448,105
DA:456,105
DA:457,105
DA:458,105
DA:459,105
DA:460,105
DA:461,0
DA:463,105
DA:464,105
DA:465,105
DA:466,105
DA:467,105
DA:468,105
DA:469,0
DA:471,105
DA:472,105
DA:473,0
DA:475,0
DA:476,0
DA:478,0
DA:480,0
DA:485,112
DA:486,7
DA:488,105
DA:489,7
DA:492,105
DA:496,105
DA:497,105
DA:498,105
DA:500,105
DA:501,105
DA:502,718
DA:503,718
DA:504,105
DA:505,105
DA:506,105
DA:507,0
DA:508,0
DA:509,0
DA:510,0
DA:511,0
DA:512,0
DA:515,0
DA:517,105
DA:518,105
DA:522,105
DA:523,105
DA:524,105
DA:525,105
DA:528,0
DA:530,0
DA:531,0
DA:533,0
DA:543,112
DA:544,112
DA:545,112
DA:547,0
DA:553,0
DA:558,0
DA:559,0
DA:560,0
DA:562,0
DA:568,105
DA:569,105
DA:571,0
DA:577,0
DA:578,0
DA:579,0
DA:581,0
DA:587,0
DA:592,0
DA:596,105
DA:597,105
DA:598,17
DA:599,0
DA:600,7
DA:601,0
DA:602,7
DA:603,0
DA:604,15
DA:605,0
DA:606,12
DA:607,0
DA:608,0
DA:609,0
DA:610,0
DA:611,0
DA:612,1
DA:613,0
DA:614,29
DA:615,0
DA:616,0
DA:617,0
DA:618,0
DA:619,0
DA:620,0
DA:621,0
DA:622,0
DA:623,0
DA:624,0
DA:625,0
DA:626,2
DA:627,0
DA:628,8
DA:629,0
DA:630,7
DA:631,0
DA:637,1
DA:639,1
DA:640,1
DA:641,1
DA:643,1
DA:644,1
DA:648,1
DA:649,1
DA:650,1
DA:651,1
DA:652,1
DA:653,0
DA:654,0
DA:655,0
DA:657,0
DA:658,0
DA:660,1
DA:661,0
LF:313
LH:167
BRDA:85,1,0,7
BRDA:85,1,1,12
BRDA:85,1,2,7
BRDA:85,1,3,5
BRDA:85,1,4,7
BRDA:85,1,5,12
BRDA:85,1,6,10
BRDA:85,1,7,1
BRDA:85,1,8,1
BRDA:85,1,9,0
BRDA:85,1,10,0
BRDA:85,1,11,0
BRDA:85,1,12,30
BRDA:85,1,13,59
BRDA:85,1,14,74
BRDA:85,1,15,89
BRDA:85,1,16,90
BRDA:85,1,17,15
BRDA:85,1,18,18
BRDA:127,2,0,0
BRDA:127,2,1,0
BRDA:139,3,0,91
BRDA:139,3,1,0
BRDA:146,4,0,0
BRDA:146,4,1,7
BRDA:151,5,0,7
BRDA:151,5,1,7
BRDA:152,6,0,7
BRDA:152,6,1,0
BRDA:165,7,0,112
BRDA:165,7,1,0
BRDA:166,8,0,0
BRDA:166,8,1,112
BRDA:167,9,0,0
BRDA:167,9,1,0
BRDA:174,10,0,19
BRDA:174,10,1,312
BRDA:177,11,0,112
BRDA:177,11,1,200
BRDA:177,12,0,312
BRDA:177,12,1,207
BRDA:180,13,0,312
BRDA:180,13,1,312
BRDA:182,14,0,0
BRDA:182,14,1,331
BRDA:182,15,0,331
BRDA:182,15,1,331
BRDA:182,15,2,331
BRDA:186,16,0,0
BRDA:186,16,1,0
BRDA:186,17,0,0
BRDA:186,17,1,0
BRDA:190,18,0,0
BRDA:190,18,1,0
BRDA:191,19,0,0
BRDA:191,19,1,0
BRDA:193,20,0,0
BRDA:193,20,1,0
BRDA:193,21,0,0
BRDA:193,21,1,0
BRDA:197,22,0,0
BRDA:197,22,1,0
BRDA:203,23,0,0
BRDA:203,23,1,331
BRDA:203,24,0,331
BRDA:203,24,1,0
BRDA:206,25,0,105
BRDA:206,25,1,219
BRDA:206,25,2,7
BRDA:213,26,0,105
BRDA:213,26,1,0
BRDA:218,27,0,0
BRDA:218,27,1,105
BRDA:230,28,0,219
BRDA:230,28,1,0
BRDA:232,29,0,219
BRDA:232,29,1,0
BRDA:235,30,0,0
BRDA:235,30,1,219
BRDA:237,31,0,0
BRDA:237,31,1,0
BRDA:250,32,0,0
BRDA:250,32,1,219
BRDA:253,33,0,219
BRDA:253,33,1,0
BRDA:277,34,0,0
BRDA:277,34,1,0
BRDA:286,35,0,7
BRDA:286,35,1,0
BRDA:286,35,2,0
BRDA:298,36,0,0
BRDA:298,36,1,7
BRDA:314,37,0,0
BRDA:314,37,1,0
BRDA:320,38,0,0
BRDA:320,38,1,0
BRDA:341,39,0,0
BRDA:341,39,1,0
BRDA:350,40,0,0
BRDA:350,40,1,0
BRDA:351,41,0,0
BRDA:351,41,1,0
BRDA:356,42,0,0
BRDA:356,42,1,0
BRDA:371,43,0,0
BRDA:371,43,1,0
BRDA:392,44,0,0
BRDA:392,44,1,0
BRDA:398,45,0,0
BRDA:398,45,1,0
BRDA:401,46,0,0
BRDA:401,46,1,0
BRDA:417,47,0,0
BRDA:417,47,1,105
BRDA:439,48,0,0
BRDA:439,48,1,0
BRDA:445,49,0,17
BRDA:445,49,1,88
BRDA:452,50,0,17
BRDA:452,50,1,88
BRDA:460,51,0,0
BRDA:460,51,1,105
BRDA:468,52,0,0
BRDA:468,52,1,105
BRDA:468,53,0,105
BRDA:468,53,1,7
BRDA:471,54,0,105
BRDA:471,54,1,0
BRDA:473,55,0,0
BRDA:473,55,1,0
BRDA:485,56,0,7
BRDA:485,56,1,105
BRDA:488,57,0,7
BRDA:488,57,1,98
BRDA:496,58,0,105
BRDA:496,58,1,0
BRDA:503,59,0,105
BRDA:503,59,1,613
BRDA:503,60,0,718
BRDA:503,60,1,105
BRDA:503,60,2,0
BRDA:506,61,0,0
BRDA:506,61,1,105
BRDA:508,62,0,0
BRDA:508,62,1,0
BRDA:510,63,0,0
BRDA:510,63,1,0
BRDA:517,64,0,105
BRDA:517,64,1,0
BRDA:522,65,0,105
BRDA:522,65,1,0
BRDA:524,66,0,105
BRDA:524,66,1,0
BRDA:530,67,0,0
BRDA:530,67,1,0
BRDA:544,68,0,112
BRDA:544,68,1,0
BRDA:559,69,0,0
BRDA:559,69,1,0
BRDA:568,70,0,105
BRDA:568,70,1,0
BRDA:568,71,0,105
BRDA:568,71,1,105
BRDA:577,72,0,0
BRDA:577,72,1,0
BRDA:578,73,0,0
BRDA:578,73,1,0
BRDA:597,74,0,17
BRDA:597,74,1,7
BRDA:597,74,2,7
BRDA:597,74,3,15
BRDA:597,74,4,12
BRDA:597,74,5,0
BRDA:597,74,6,0
BRDA:597,74,7,1
BRDA:597,74,8,29
BRDA:597,74,9,0
BRDA:597,74,10,0
BRDA:597,74,11,0
BRDA:597,74,12,0
BRDA:597,74,13,0
BRDA:597,74,14,2
BRDA:597,74,15,8
BRDA:597,74,16,7
BRDA:648,75,0,1
BRDA:648,75,1,0
BRDA:648,76,0,1
BRDA:648,76,1,1
BRDA:653,77,0,0
BRDA:653,77,1,0
BRDA:660,78,0,0
BRDA:660,78,1,1
BRDA:660,79,0,1
BRDA:660,79,1,1
BRF:194
BRH:92
end_of_record
TN:
SF:/Users/szilardhuber/Starschema/mermaid/src/parser/sequenceDiagram.js
FN:74,(anonymous_1)
FN:75,(anonymous_2)
FN:76,trace
FN:81,anonymous
FN:150,parseError
FN:157,parse
FN:181,popStack
FN:187,lex
FN:295,(anonymous_9)
FN:300,parseError
FN:309,(anonymous_11)
FN:330,(anonymous_12)
FN:353,(anonymous_13)
FN:388,(anonymous_14)
FN:394,(anonymous_15)
FN:409,(anonymous_16)
FN:414,(anonymous_17)
FN:420,(anonymous_18)
FN:429,(anonymous_19)
FN:436,(anonymous_20)
FN:508,(anonymous_21)
FN:566,lex
FN:576,begin
FN:581,popState
FN:591,_currentRules
FN:600,topState
FN:610,pushState
FN:615,stateStackSize
FN:619,anonymous
FN:670,Parser
FN:681,(anonymous_31)
FN:682,commonjsMain
FNF:32
FNH:13
FNDA:1,(anonymous_1)
FNDA:15,(anonymous_2)
FNDA:0,trace
FNDA:37,anonymous
FNDA:0,parseError
FNDA:1,parse
FNDA:0,popStack
FNDA:20,lex
FNDA:1,(anonymous_9)
FNDA:0,parseError
FNDA:1,(anonymous_11)
FNDA:0,(anonymous_12)
FNDA:0,(anonymous_13)
FNDA:0,(anonymous_14)
FNDA:0,(anonymous_15)
FNDA:0,(anonymous_16)
FNDA:0,(anonymous_17)
FNDA:0,(anonymous_18)
FNDA:0,(anonymous_19)
FNDA:22,(anonymous_20)
FNDA:22,(anonymous_21)
FNDA:22,lex
FNDA:0,begin
FNDA:0,popState
FNDA:22,_currentRules
FNDA:0,topState
FNDA:0,pushState
FNDA:0,stateStackSize
FNDA:22,anonymous
FNDA:1,Parser
FNDA:0,(anonymous_31)
FNDA:0,commonjsMain
DA:74,1
DA:75,15
DA:76,1
DA:84,37
DA:85,37
DA:87,1
DA:88,0
DA:91,3
DA:93,0
DA:94,0
DA:96,2
DA:97,2
DA:99,1
DA:100,1
DA:102,0
DA:103,0
DA:105,1
DA:106,1
DA:108,0
DA:109,0
DA:111,0
DA:112,0
DA:114,0
DA:115,0
DA:117,0
DA:118,0
DA:120,1
DA:121,1
DA:123,2
DA:124,2
DA:126,5
DA:127,5
DA:129,2
DA:130,2
DA:132,1
DA:133,1
DA:135,1
DA:136,1
DA:138,2
DA:139,2
DA:141,0
DA:142,0
DA:144,3
DA:145,3
DA:151,0
DA:152,0
DA:154,0
DA:158,1
DA:159,1
DA:160,1
DA:161,1
DA:162,1
DA:163,13
DA:164,13
DA:167,1
DA:168,1
DA:169,1
DA:170,1
DA:171,0
DA:173,1
DA:174,1
DA:175,1
DA:176,1
DA:177,1
DA:179,0
DA:181,1
DA:182,0
DA:183,0
DA:184,0
DA:186,1
DA:187,1
DA:188,20
DA:189,20
DA:190,20
DA:191,0
DA:193,20
DA:195,1
DA:196,1
DA:197,57
DA:198,57
DA:199,6
DA:201,51
DA:202,20
DA:204,51
DA:206,57
DA:207,0
DA:208,0
DA:209,0
DA:210,0
DA:211,0
DA:214,0
DA:215,0
DA:217,0
DA:219,0
DA:227,57
DA:228,0
DA:230,57
DA:232,20
DA:233,20
DA:234,20
DA:235,20
DA:236,20
DA:237,20
DA:238,20
DA:239,20
DA:240,20
DA:241,20
DA:242,20
DA:243,0
DA:246,0
DA:247,0
DA:249,20
DA:251,37
DA:252,37
DA:253,37
DA:259,37
DA:260,0
DA:265,37
DA:274,37
DA:275,1
DA:277,36
DA:278,35
DA:279,35
DA:280,35
DA:282,36
DA:283,36
DA:284,36
DA:285,36
DA:286,36
DA:287,36
DA:289,0
DA:292,0
DA:295,1
DA:296,1
DA:301,0
DA:302,0
DA:304,0
DA:310,1
DA:311,1
DA:312,1
DA:313,1
DA:314,1
DA:315,1
DA:316,1
DA:322,1
DA:323,0
DA:325,1
DA:326,1
DA:331,0
DA:332,0
DA:333,0
DA:334,0
DA:335,0
DA:336,0
DA:337,0
DA:338,0
DA:339,0
DA:340,0
DA:342,0
DA:344,0
DA:345,0
DA:348,0
DA:349,0
DA:354,0
DA:355,0
DA:357,0
DA:358,0
DA:360,0
DA:361,0
DA:362,0
DA:363,0
DA:365,0
DA:366,0
DA:368,0
DA:370,0
DA:380,0
DA:381,0
DA:383,0
DA:384,0
DA:389,0
DA:390,0
DA:395,0
DA:396,0
DA:398,0
DA:405,0
DA:410,0
DA:415,0
DA:416,0
DA:421,0
DA:422,0
DA:423,0
DA:425,0
DA:430,0
DA:431,0
DA:432,0
DA:437,22
DA:441,22
DA:443,0
DA:463,0
DA:464,0
DA:468,22
DA:469,22
DA:470,4
DA:472,22
DA:480,22
DA:481,22
DA:482,22
DA:483,22
DA:484,22
DA:485,0
DA:487,22
DA:488,22
DA:489,22
DA:490,22
DA:491,22
DA:492,22
DA:493,0
DA:495,22
DA:496,20
DA:497,2
DA:499,0
DA:500,0
DA:502,0
DA:504,2
DA:509,22
DA:510,0
DA:512,22
DA:513,1
DA:516,22
DA:520,22
DA:521,22
DA:522,22
DA:524,22
DA:525,22
DA:526,220
DA:527,220
DA:528,22
DA:529,22
DA:530,22
DA:531,0
DA:532,0
DA:533,0
DA:534,0
DA:535,0
DA:536,0
DA:539,0
DA:541,22
DA:542,22
DA:546,22
DA:547,22
DA:548,22
DA:549,20
DA:552,2
DA:554,0
DA:555,0
DA:557,0
DA:567,22
DA:568,22
DA:569,20
DA:571,2
DA:577,0
DA:582,0
DA:583,0
DA:584,0
DA:586,0
DA:592,22
DA:593,22
DA:595,0
DA:601,0
DA:602,0
DA:603,0
DA:605,0
DA:611,0
DA:616,0
DA:622,22
DA:623,22
DA:624,4
DA:625,0
DA:627,2
DA:629,0
DA:630,0
DA:631,0
DA:632,0
DA:633,0
DA:634,1
DA:635,0
DA:636,0
DA:637,0
DA:638,1
DA:639,0
DA:640,0
DA:641,0
DA:642,1
DA:643,0
DA:644,0
DA:645,0
DA:646,5
DA:647,0
DA:648,1
DA:649,0
DA:650,1
DA:651,0
DA:652,0
DA:653,0
DA:654,2
DA:655,0
DA:656,3
DA:657,0
DA:658,1
DA:659,0
DA:660,0
DA:661,0
DA:667,1
DA:669,1
DA:670,1
DA:671,1
DA:673,1
DA:674,1
DA:678,1
DA:679,1
DA:680,1
DA:681,1
DA:682,1
DA:683,0
DA:684,0
DA:685,0
DA:687,0
DA:688,0
DA:690,1
DA:691,0
LF:330
LH:177
BRDA:85,1,0,1
BRDA:85,1,1,3
BRDA:85,1,2,0
BRDA:85,1,3,2
BRDA:85,1,4,1
BRDA:85,1,5,0
BRDA:85,1,6,1
BRDA:85,1,7,0
BRDA:85,1,8,0
BRDA:85,1,9,0
BRDA:85,1,10,0
BRDA:85,1,11,0
BRDA:85,1,12,1
BRDA:85,1,13,2
BRDA:85,1,14,5
BRDA:85,1,15,2
BRDA:85,1,16,1
BRDA:85,1,17,1
BRDA:85,1,18,2
BRDA:85,1,19,0
BRDA:85,1,20,3
BRDA:151,2,0,0
BRDA:151,2,1,0
BRDA:163,3,0,13
BRDA:163,3,1,0
BRDA:170,4,0,0
BRDA:170,4,1,1
BRDA:175,5,0,1
BRDA:175,5,1,1
BRDA:176,6,0,1
BRDA:176,6,1,0
BRDA:189,7,0,20
BRDA:189,7,1,0
BRDA:190,8,0,0
BRDA:190,8,1,20
BRDA:191,9,0,0
BRDA:191,9,1,0
BRDA:198,10,0,6
BRDA:198,10,1,51
BRDA:201,11,0,20
BRDA:201,11,1,31
BRDA:201,12,0,51
BRDA:201,12,1,32
BRDA:204,13,0,51
BRDA:204,13,1,51
BRDA:206,14,0,0
BRDA:206,14,1,57
BRDA:206,15,0,57
BRDA:206,15,1,57
BRDA:206,15,2,57
BRDA:210,16,0,0
BRDA:210,16,1,0
BRDA:210,17,0,0
BRDA:210,17,1,0
BRDA:214,18,0,0
BRDA:214,18,1,0
BRDA:215,19,0,0
BRDA:215,19,1,0
BRDA:217,20,0,0
BRDA:217,20,1,0
BRDA:217,21,0,0
BRDA:217,21,1,0
BRDA:221,22,0,0
BRDA:221,22,1,0
BRDA:227,23,0,0
BRDA:227,23,1,57
BRDA:227,24,0,57
BRDA:227,24,1,0
BRDA:230,25,0,20
BRDA:230,25,1,37
BRDA:230,25,2,0
BRDA:237,26,0,20
BRDA:237,26,1,0
BRDA:242,27,0,0
BRDA:242,27,1,20
BRDA:254,28,0,37
BRDA:254,28,1,1
BRDA:256,29,0,37
BRDA:256,29,1,1
BRDA:259,30,0,0
BRDA:259,30,1,37
BRDA:261,31,0,0
BRDA:261,31,1,0
BRDA:274,32,0,1
BRDA:274,32,1,36
BRDA:277,33,0,35
BRDA:277,33,1,1
BRDA:301,34,0,0
BRDA:301,34,1,0
BRDA:310,35,0,1
BRDA:310,35,1,0
BRDA:310,35,2,0
BRDA:322,36,0,0
BRDA:322,36,1,1
BRDA:338,37,0,0
BRDA:338,37,1,0
BRDA:344,38,0,0
BRDA:344,38,1,0
BRDA:365,39,0,0
BRDA:365,39,1,0
BRDA:374,40,0,0
BRDA:374,40,1,0
BRDA:375,41,0,0
BRDA:375,41,1,0
BRDA:380,42,0,0
BRDA:380,42,1,0
BRDA:395,43,0,0
BRDA:395,43,1,0
BRDA:416,44,0,0
BRDA:416,44,1,0
BRDA:422,45,0,0
BRDA:422,45,1,0
BRDA:425,46,0,0
BRDA:425,46,1,0
BRDA:441,47,0,0
BRDA:441,47,1,22
BRDA:463,48,0,0
BRDA:463,48,1,0
BRDA:469,49,0,4
BRDA:469,49,1,18
BRDA:476,50,0,4
BRDA:476,50,1,18
BRDA:484,51,0,0
BRDA:484,51,1,22
BRDA:492,52,0,0
BRDA:492,52,1,22
BRDA:492,53,0,22
BRDA:492,53,1,1
BRDA:495,54,0,20
BRDA:495,54,1,2
BRDA:497,55,0,0
BRDA:497,55,1,2
BRDA:509,56,0,0
BRDA:509,56,1,22
BRDA:512,57,0,1
BRDA:512,57,1,21
BRDA:520,58,0,22
BRDA:520,58,1,0
BRDA:527,59,0,22
BRDA:527,59,1,198
BRDA:527,60,0,220
BRDA:527,60,1,22
BRDA:527,60,2,0
BRDA:530,61,0,0
BRDA:530,61,1,22
BRDA:532,62,0,0
BRDA:532,62,1,0
BRDA:534,63,0,0
BRDA:534,63,1,0
BRDA:541,64,0,22
BRDA:541,64,1,0
BRDA:546,65,0,22
BRDA:546,65,1,0
BRDA:548,66,0,20
BRDA:548,66,1,2
BRDA:554,67,0,0
BRDA:554,67,1,0
BRDA:568,68,0,20
BRDA:568,68,1,2
BRDA:583,69,0,0
BRDA:583,69,1,0
BRDA:592,70,0,22
BRDA:592,70,1,0
BRDA:592,71,0,22
BRDA:592,71,1,22
BRDA:601,72,0,0
BRDA:601,72,1,0
BRDA:602,73,0,0
BRDA:602,73,1,0
BRDA:623,74,0,4
BRDA:623,74,1,2
BRDA:623,74,2,0
BRDA:623,74,3,0
BRDA:623,74,4,0
BRDA:623,74,5,1
BRDA:623,74,6,0
BRDA:623,74,7,1
BRDA:623,74,8,0
BRDA:623,74,9,1
BRDA:623,74,10,0
BRDA:623,74,11,5
BRDA:623,74,12,1
BRDA:623,74,13,1
BRDA:623,74,14,0
BRDA:623,74,15,2
BRDA:623,74,16,3
BRDA:623,74,17,1
BRDA:623,74,18,0
BRDA:678,75,0,1
BRDA:678,75,1,0
BRDA:678,76,0,1
BRDA:678,76,1,1
BRDA:683,77,0,0
BRDA:683,77,1,0
BRDA:690,78,0,0
BRDA:690,78,1,1
BRDA:690,79,0,1
BRDA:690,79,1,1
BRF:198
BRH:96
end_of_record
TN:
SF:/Users/szilardhuber/Starschema/mermaid/src/main.js
FN:13,(anonymous_1)
FN:16,(anonymous_2)
FN:29,(anonymous_3)
FN:95,(anonymous_4)
FN:98,(anonymous_5)
FN:111,(anonymous_6)
FN:145,(anonymous_7)
FN:174,(anonymous_8)
FN:194,(anonymous_9)
FN:205,(anonymous_10)
FN:213,(anonymous_11)
FN:220,(anonymous_12)
FN:231,(anonymous_13)
FN:237,(anonymous_14)
FN:244,normal
FN:277,(anonymous_16)
FN:322,(anonymous_17)
FN:328,(anonymous_18)
FN:332,(anonymous_19)
FN:344,(anonymous_20)
FN:362,(anonymous_21)
FN:365,(anonymous_22)
FN:368,(anonymous_23)
FNF:23
FNH:5
FNDA:0,(anonymous_1)
FNDA:0,(anonymous_2)
FNDA:0,(anonymous_3)
FNDA:5,(anonymous_4)
FNDA:5,(anonymous_5)
FNDA:4,(anonymous_6)
FNDA:0,(anonymous_7)
FNDA:0,(anonymous_8)
FNDA:0,(anonymous_9)
FNDA:0,(anonymous_10)
FNDA:0,(anonymous_11)
FNDA:0,(anonymous_12)
FNDA:0,(anonymous_13)
FNDA:0,(anonymous_14)
FNDA:0,normal
FNDA:1,(anonymous_16)
FNDA:0,(anonymous_17)
FNDA:0,(anonymous_18)
FNDA:0,(anonymous_19)
FNDA:0,(anonymous_20)
FNDA:1,(anonymous_21)
FNDA:0,(anonymous_22)
FNDA:0,(anonymous_23)
DA:1,7
DA:2,7
DA:3,7
DA:4,7
DA:5,7
DA:6,7
DA:7,7
DA:13,7
DA:14,0
DA:16,0
DA:17,0
DA:19,0
DA:20,0
DA:21,0
DA:25,0
DA:29,0
DA:30,0
DA:31,0
DA:33,0
DA:35,0
DA:36,0
DA:39,0
DA:40,0
DA:41,0
DA:46,0
DA:51,0
DA:54,0
DA:55,0
DA:58,0
DA:61,0
DA:62,0
DA:65,0
DA:67,0
DA:68,0
DA:69,0
DA:71,0
DA:72,0
DA:74,0
DA:75,0
DA:77,0
DA:78,0
DA:80,0
DA:81,0
DA:83,0
DA:86,0
DA:95,7
DA:96,5
DA:97,5
DA:98,5
DA:99,5
DA:102,5
DA:103,3
DA:106,2
DA:109,5
DA:110,5
DA:111,2
DA:112,4
DA:117,5
DA:118,0
DA:119,0
DA:121,0
DA:129,5
DA:130,3
DA:132,2
DA:145,7
DA:146,0
DA:147,0
DA:148,0
DA:149,0
DA:152,0
DA:154,0
DA:157,0
DA:160,0
DA:161,0
DA:162,0
DA:163,0
DA:167,0
DA:175,0
DA:179,0
DA:180,0
DA:181,0
DA:183,0
DA:184,0
DA:185,0
DA:187,0
DA:188,0
DA:191,0
DA:194,0
DA:195,0
DA:204,0
DA:206,0
DA:213,0
DA:214,0
DA:216,0
DA:220,0
DA:221,0
DA:230,0
DA:232,0
DA:237,0
DA:238,0
DA:240,0
DA:244,0
DA:245,0
DA:255,0
DA:257,0
DA:261,0
DA:262,0
DA:265,0
DA:268,0
DA:270,0
DA:271,0
DA:277,7
DA:278,1
DA:280,1
DA:281,1
DA:282,1
DA:285,1
DA:286,1
DA:287,0
DA:289,1
DA:291,1
DA:292,1
DA:294,1
DA:295,1
DA:296,1
DA:297,1
DA:299,1
DA:303,1
DA:305,1
DA:307,0
DA:308,0
DA:309,0
DA:311,0
DA:312,0
DA:314,0
DA:315,0
DA:322,7
DA:328,7
DA:329,0
DA:332,7
DA:333,0
DA:334,0
DA:337,0
DA:340,7
DA:344,7
DA:346,0
DA:348,0
DA:349,0
DA:354,0
DA:361,7
DA:363,1
DA:366,0
DA:369,0
LF:153
LH:49
BRDA:20,1,0,0
BRDA:20,1,1,0
BRDA:39,2,0,0
BRDA:39,2,1,0
BRDA:54,3,0,0
BRDA:54,3,1,0
BRDA:65,4,0,0
BRDA:65,4,1,0
BRDA:65,4,2,0
BRDA:65,4,3,0
BRDA:65,4,4,0
BRDA:65,4,5,0
BRDA:102,5,0,3
BRDA:102,5,1,2
BRDA:110,6,0,2
BRDA:110,6,1,3
BRDA:117,7,0,0
BRDA:117,7,1,5
BRDA:118,8,0,0
BRDA:118,8,1,0
BRDA:129,9,0,3
BRDA:129,9,1,2
BRDA:148,10,0,0
BRDA:148,10,1,0
BRDA:162,11,0,0
BRDA:162,11,1,0
BRDA:183,12,0,0
BRDA:183,12,1,0
BRDA:285,13,0,1
BRDA:285,13,1,0
BRDA:305,14,0,0
BRDA:305,14,1,0
BRDA:305,14,2,0
BRDA:333,15,0,0
BRDA:333,15,1,0
BRDA:340,16,0,7
BRDA:340,16,1,0
BRDA:346,17,0,0
BRDA:346,17,1,0
BRDA:348,18,0,0
BRDA:348,18,1,0
BRF:41
BRH:9
end_of_record
TN:
SF:/Users/szilardhuber/Starschema/mermaid/src/parser/dot.js
FN:74,(anonymous_1)
FN:75,(anonymous_2)
FN:76,trace
FN:81,anonymous
FN:145,parseError
FN:152,parse
FN:176,popStack
FN:182,lex
FN:291,(anonymous_9)
FN:296,parseError
FN:305,(anonymous_11)
FN:326,(anonymous_12)
FN:349,(anonymous_13)
FN:384,(anonymous_14)
FN:390,(anonymous_15)
FN:405,(anonymous_16)
FN:410,(anonymous_17)
FN:416,(anonymous_18)
FN:425,(anonymous_19)
FN:432,(anonymous_20)
FN:504,(anonymous_21)
FN:562,lex
FN:572,begin
FN:577,popState
FN:587,_currentRules
FN:596,topState
FN:606,pushState
FN:611,stateStackSize
FN:615,anonymous
FN:712,Parser
FN:723,(anonymous_31)
FN:724,commonjsMain
FNF:32
FNH:4
FNDA:1,(anonymous_1)
FNDA:60,(anonymous_2)
FNDA:0,trace
FNDA:0,anonymous
FNDA:0,parseError
FNDA:0,parse
FNDA:0,popStack
FNDA:0,lex
FNDA:1,(anonymous_9)
FNDA:0,parseError
FNDA:0,(anonymous_11)
FNDA:0,(anonymous_12)
FNDA:0,(anonymous_13)
FNDA:0,(anonymous_14)
FNDA:0,(anonymous_15)
FNDA:0,(anonymous_16)
FNDA:0,(anonymous_17)
FNDA:0,(anonymous_18)
FNDA:0,(anonymous_19)
FNDA:0,(anonymous_20)
FNDA:0,(anonymous_21)
FNDA:0,lex
FNDA:0,begin
FNDA:0,popState
FNDA:0,_currentRules
FNDA:0,topState
FNDA:0,pushState
FNDA:0,stateStackSize
FNDA:0,anonymous
FNDA:1,Parser
FNDA:0,(anonymous_31)
FNDA:0,commonjsMain
DA:74,1
DA:75,60
DA:76,1
DA:84,0
DA:85,0
DA:87,0
DA:88,0
DA:90,0
DA:91,0
DA:93,0
DA:94,0
DA:96,0
DA:97,0
DA:99,0
DA:100,0
DA:102,0
DA:103,0
DA:105,0
DA:106,0
DA:108,0
DA:109,0
DA:111,0
DA:112,0
DA:115,0
DA:116,0
DA:117,0
DA:120,0
DA:121,0
DA:123,0
DA:126,0
DA:128,0
DA:130,0
DA:131,0
DA:133,0
DA:134,0
DA:136,0
DA:137,0
DA:139,0
DA:140,0
DA:146,0
DA:147,0
DA:149,0
DA:153,0
DA:154,0
DA:155,0
DA:156,0
DA:157,0
DA:158,0
DA:159,0
DA:162,0
DA:163,0
DA:164,0
DA:165,0
DA:166,0
DA:168,0
DA:169,0
DA:170,0
DA:171,0
DA:172,0
DA:174,0
DA:176,1
DA:177,0
DA:178,0
DA:179,0
DA:181,0
DA:182,1
DA:183,0
DA:184,0
DA:185,0
DA:186,0
DA:188,0
DA:190,0
DA:191,0
DA:192,0
DA:193,0
DA:194,0
DA:196,0
DA:197,0
DA:199,0
DA:201,0
DA:202,0
DA:203,0
DA:204,0
DA:205,0
DA:206,0
DA:209,0
DA:210,0
DA:212,0
DA:214,0
DA:222,0
DA:223,0
DA:225,0
DA:227,0
DA:228,0
DA:229,0
DA:230,0
DA:231,0
DA:232,0
DA:233,0
DA:234,0
DA:235,0
DA:236,0
DA:237,0
DA:238,0
DA:241,0
DA:242,0
DA:244,0
DA:246,0
DA:247,0
DA:248,0
DA:254,0
DA:255,0
DA:260,0
DA:269,0
DA:270,0
DA:272,0
DA:273,0
DA:274,0
DA:275,0
DA:277,0
DA:278,0
DA:279,0
DA:280,0
DA:281,0
DA:282,0
DA:284,0
DA:287,0
DA:291,1
DA:292,1
DA:297,0
DA:298,0
DA:300,0
DA:306,0
DA:307,0
DA:308,0
DA:309,0
DA:310,0
DA:311,0
DA:312,0
DA:318,0
DA:319,0
DA:321,0
DA:322,0
DA:327,0
DA:328,0
DA:329,0
DA:330,0
DA:331,0
DA:332,0
DA:333,0
DA:334,0
DA:335,0
DA:336,0
DA:338,0
DA:340,0
DA:341,0
DA:344,0
DA:345,0
DA:350,0
DA:351,0
DA:353,0
DA:354,0
DA:356,0
DA:357,0
DA:358,0
DA:359,0
DA:361,0
DA:362,0
DA:364,0
DA:366,0
DA:376,0
DA:377,0
DA:379,0
DA:380,0
DA:385,0
DA:386,0
DA:391,0
DA:392,0
DA:394,0
DA:401,0
DA:406,0
DA:411,0
DA:412,0
DA:417,0
DA:418,0
DA:419,0
DA:421,0
DA:426,0
DA:427,0
DA:428,0
DA:433,0
DA:437,0
DA:439,0
DA:459,0
DA:460,0
DA:464,0
DA:465,0
DA:466,0
DA:468,0
DA:476,0
DA:477,0
DA:478,0
DA:479,0
DA:480,0
DA:481,0
DA:483,0
DA:484,0
DA:485,0
DA:486,0
DA:487,0
DA:488,0
DA:489,0
DA:491,0
DA:492,0
DA:493,0
DA:495,0
DA:496,0
DA:498,0
DA:500,0
DA:505,0
DA:506,0
DA:508,0
DA:509,0
DA:512,0
DA:516,0
DA:517,0
DA:518,0
DA:520,0
DA:521,0
DA:522,0
DA:523,0
DA:524,0
DA:525,0
DA:526,0
DA:527,0
DA:528,0
DA:529,0
DA:530,0
DA:531,0
DA:532,0
DA:535,0
DA:537,0
DA:538,0
DA:542,0
DA:543,0
DA:544,0
DA:545,0
DA:548,0
DA:550,0
DA:551,0
DA:553,0
DA:563,0
DA:564,0
DA:565,0
DA:567,0
DA:573,0
DA:578,0
DA:579,0
DA:580,0
DA:582,0
DA:588,0
DA:589,0
DA:591,0
DA:597,0
DA:598,0
DA:599,0
DA:601,0
DA:607,0
DA:612,0
DA:616,0
DA:617,0
DA:618,0
DA:619,0
DA:620,0
DA:621,0
DA:622,0
DA:623,0
DA:624,0
DA:625,0
DA:626,0
DA:627,0
DA:628,0
DA:629,0
DA:630,0
DA:631,0
DA:632,0
DA:633,0
DA:634,0
DA:635,0
DA:636,0
DA:637,0
DA:638,0
DA:639,0
DA:640,0
DA:641,0
DA:642,0
DA:643,0
DA:644,0
DA:645,0
DA:646,0
DA:647,0
DA:648,0
DA:649,0
DA:650,0
DA:651,0
DA:652,0
DA:653,0
DA:654,0
DA:655,0
DA:656,0
DA:657,0
DA:658,0
DA:659,0
DA:660,0
DA:661,0
DA:662,0
DA:663,0
DA:664,0
DA:665,0
DA:666,0
DA:667,0
DA:668,0
DA:669,0
DA:670,0
DA:671,0
DA:672,0
DA:673,0
DA:674,0
DA:675,0
DA:676,0
DA:677,0
DA:678,0
DA:679,0
DA:680,0
DA:681,0
DA:682,0
DA:683,0
DA:684,0
DA:685,0
DA:686,0
DA:687,0
DA:688,0
DA:689,0
DA:690,0
DA:691,0
DA:692,0
DA:693,0
DA:694,0
DA:695,0
DA:696,0
DA:697,0
DA:698,0
DA:699,0
DA:700,0
DA:701,0
DA:702,0
DA:703,0
DA:709,1
DA:711,1
DA:712,1
DA:713,1
DA:715,1
DA:716,1
DA:720,1
DA:721,1
DA:722,1
DA:723,1
DA:724,1
DA:725,0
DA:726,0
DA:727,0
DA:729,0
DA:730,0
DA:732,1
DA:733,0
LF:375
LH:19
BRDA:85,1,0,0
BRDA:85,1,1,0
BRDA:85,1,2,0
BRDA:85,1,3,0
BRDA:85,1,4,0
BRDA:85,1,5,0
BRDA:85,1,6,0
BRDA:85,1,7,0
BRDA:85,1,8,0
BRDA:85,1,9,0
BRDA:85,1,10,0
BRDA:85,1,11,0
BRDA:85,1,12,0
BRDA:85,1,13,0
BRDA:85,1,14,0
BRDA:85,1,15,0
BRDA:85,1,16,0
BRDA:85,1,17,0
BRDA:85,1,18,0
BRDA:85,1,19,0
BRDA:85,1,20,0
BRDA:85,1,21,0
BRDA:85,1,22,0
BRDA:85,1,23,0
BRDA:85,1,24,0
BRDA:146,2,0,0
BRDA:146,2,1,0
BRDA:158,3,0,0
BRDA:158,3,1,0
BRDA:165,4,0,0
BRDA:165,4,1,0
BRDA:170,5,0,0
BRDA:170,5,1,0
BRDA:171,6,0,0
BRDA:171,6,1,0
BRDA:184,7,0,0
BRDA:184,7,1,0
BRDA:185,8,0,0
BRDA:185,8,1,0
BRDA:186,9,0,0
BRDA:186,9,1,0
BRDA:193,10,0,0
BRDA:193,10,1,0
BRDA:196,11,0,0
BRDA:196,11,1,0
BRDA:196,12,0,0
BRDA:196,12,1,0
BRDA:199,13,0,0
BRDA:199,13,1,0
BRDA:201,14,0,0
BRDA:201,14,1,0
BRDA:201,15,0,0
BRDA:201,15,1,0
BRDA:201,15,2,0
BRDA:205,16,0,0
BRDA:205,16,1,0
BRDA:205,17,0,0
BRDA:205,17,1,0
BRDA:209,18,0,0
BRDA:209,18,1,0
BRDA:210,19,0,0
BRDA:210,19,1,0
BRDA:212,20,0,0
BRDA:212,20,1,0
BRDA:212,21,0,0
BRDA:212,21,1,0
BRDA:216,22,0,0
BRDA:216,22,1,0
BRDA:222,23,0,0
BRDA:222,23,1,0
BRDA:222,24,0,0
BRDA:222,24,1,0
BRDA:225,25,0,0
BRDA:225,25,1,0
BRDA:225,25,2,0
BRDA:232,26,0,0
BRDA:232,26,1,0
BRDA:237,27,0,0
BRDA:237,27,1,0
BRDA:249,28,0,0
BRDA:249,28,1,0
BRDA:251,29,0,0
BRDA:251,29,1,0
BRDA:254,30,0,0
BRDA:254,30,1,0
BRDA:256,31,0,0
BRDA:256,31,1,0
BRDA:269,32,0,0
BRDA:269,32,1,0
BRDA:272,33,0,0
BRDA:272,33,1,0
BRDA:297,34,0,0
BRDA:297,34,1,0
BRDA:306,35,0,0
BRDA:306,35,1,0
BRDA:306,35,2,0
BRDA:318,36,0,0
BRDA:318,36,1,0
BRDA:334,37,0,0
BRDA:334,37,1,0
BRDA:340,38,0,0
BRDA:340,38,1,0
BRDA:361,39,0,0
BRDA:361,39,1,0
BRDA:370,40,0,0
BRDA:370,40,1,0
BRDA:371,41,0,0
BRDA:371,41,1,0
BRDA:376,42,0,0
BRDA:376,42,1,0
BRDA:391,43,0,0
BRDA:391,43,1,0
BRDA:412,44,0,0
BRDA:412,44,1,0
BRDA:418,45,0,0
BRDA:418,45,1,0
BRDA:421,46,0,0
BRDA:421,46,1,0
BRDA:437,47,0,0
BRDA:437,47,1,0
BRDA:459,48,0,0
BRDA:459,48,1,0
BRDA:465,49,0,0
BRDA:465,49,1,0
BRDA:472,50,0,0
BRDA:472,50,1,0
BRDA:480,51,0,0
BRDA:480,51,1,0
BRDA:488,52,0,0
BRDA:488,52,1,0
BRDA:488,53,0,0
BRDA:488,53,1,0
BRDA:491,54,0,0
BRDA:491,54,1,0
BRDA:493,55,0,0
BRDA:493,55,1,0
BRDA:505,56,0,0
BRDA:505,56,1,0
BRDA:508,57,0,0
BRDA:508,57,1,0
BRDA:516,58,0,0
BRDA:516,58,1,0
BRDA:523,59,0,0
BRDA:523,59,1,0
BRDA:523,60,0,0
BRDA:523,60,1,0
BRDA:523,60,2,0
BRDA:526,61,0,0
BRDA:526,61,1,0
BRDA:528,62,0,0
BRDA:528,62,1,0
BRDA:530,63,0,0
BRDA:530,63,1,0
BRDA:537,64,0,0
BRDA:537,64,1,0
BRDA:542,65,0,0
BRDA:542,65,1,0
BRDA:544,66,0,0
BRDA:544,66,1,0
BRDA:550,67,0,0
BRDA:550,67,1,0
BRDA:564,68,0,0
BRDA:564,68,1,0
BRDA:579,69,0,0
BRDA:579,69,1,0
BRDA:588,70,0,0
BRDA:588,70,1,0
BRDA:588,71,0,0
BRDA:588,71,1,0
BRDA:597,72,0,0
BRDA:597,72,1,0
BRDA:598,73,0,0
BRDA:598,73,1,0
BRDA:617,74,0,0
BRDA:617,74,1,0
BRDA:617,74,2,0
BRDA:617,74,3,0
BRDA:617,74,4,0
BRDA:617,74,5,0
BRDA:617,74,6,0
BRDA:617,74,7,0
BRDA:617,74,8,0
BRDA:617,74,9,0
BRDA:617,74,10,0
BRDA:617,74,11,0
BRDA:617,74,12,0
BRDA:617,74,13,0
BRDA:617,74,14,0
BRDA:617,74,15,0
BRDA:617,74,16,0
BRDA:617,74,17,0
BRDA:617,74,18,0
BRDA:617,74,19,0
BRDA:617,74,20,0
BRDA:617,74,21,0
BRDA:617,74,22,0
BRDA:617,74,23,0
BRDA:617,74,24,0
BRDA:617,74,25,0
BRDA:617,74,26,0
BRDA:617,74,27,0
BRDA:617,74,28,0
BRDA:617,74,29,0
BRDA:617,74,30,0
BRDA:617,74,31,0
BRDA:617,74,32,0
BRDA:617,74,33,0
BRDA:617,74,34,0
BRDA:617,74,35,0
BRDA:617,74,36,0
BRDA:617,74,37,0
BRDA:617,74,38,0
BRDA:617,74,39,0
BRDA:617,74,40,0
BRDA:617,74,41,0
BRDA:617,74,42,0
BRDA:720,75,0,1
BRDA:720,75,1,0
BRDA:720,76,0,1
BRDA:720,76,1,1
BRDA:725,77,0,0
BRDA:725,77,1,0
BRDA:732,78,0,0
BRDA:732,78,1,1
BRDA:732,79,0,1
BRDA:732,79,1,1
BRF:226
BRH:6
end_of_record
TN:
SF:/Users/szilardhuber/Starschema/mermaid/src/sequenceRenderer.js
FN:14,(anonymous_1)
FN:31,(anonymous_2)
FN:61,(anonymous_3)
FN:73,(anonymous_4)
FN:143,(anonymous_5)
FNF:5
FNH:0
FNDA:0,(anonymous_1)
FNDA:0,(anonymous_2)
FNDA:0,(anonymous_3)
FNDA:0,(anonymous_4)
FNDA:0,(anonymous_5)
DA:6,1
DA:7,1
DA:14,1
DA:15,0
DA:16,0
DA:19,0
DA:20,0
DA:21,0
DA:22,0
DA:23,0
DA:24,0
DA:31,0
DA:32,0
DA:33,0
DA:41,0
DA:50,0
DA:61,0
DA:62,0
DA:73,0
DA:74,0
DA:77,0
DA:78,0
DA:91,0
DA:103,0
DA:111,0
DA:112,0
DA:113,0
DA:115,0
DA:118,0
DA:119,0
DA:122,0
DA:123,0
DA:124,0
DA:125,0
DA:127,0
DA:130,0
DA:133,0
DA:135,0
DA:139,0
DA:142,0
DA:143,0
DA:145,0
DA:146,0
DA:147,0
DA:148,0
DA:149,0
DA:153,0
DA:154,0
LF:48
LH:3
BRDA:77,1,0,0
BRDA:77,1,1,0
BRF:2
BRH:0
end_of_record
TN:
SF:/Users/szilardhuber/Starschema/mermaid/src/sequenceDb.js
FN:8,(anonymous_1)
FN:14,(anonymous_2)
FN:19,(anonymous_3)
FN:24,(anonymous_4)
FN:28,(anonymous_5)
FN:31,(anonymous_6)
FN:34,(anonymous_7)
FN:38,(anonymous_8)
FN:59,(anonymous_9)
FN:66,(anonymous_10)
FNF:10
FNH:7
FNDA:15,(anonymous_1)
FNDA:2,(anonymous_2)
FNDA:2,(anonymous_3)
FNDA:3,(anonymous_4)
FNDA:6,(anonymous_5)
FNDA:0,(anonymous_6)
FNDA:0,(anonymous_7)
FNDA:8,(anonymous_8)
FNDA:1,(anonymous_9)
FNDA:0,(anonymous_10)
DA:4,1
DA:5,1
DA:6,1
DA:7,1
DA:8,1
DA:10,15
DA:11,15
DA:14,1
DA:16,2
DA:19,1
DA:21,2
DA:24,1
DA:25,3
DA:28,1
DA:29,6
DA:31,1
DA:32,0
DA:34,1
DA:35,0
DA:38,1
DA:39,8
DA:40,8
DA:43,1
DA:48,1
DA:53,1
DA:59,1
DA:60,1
DA:62,1
DA:66,1
DA:67,0
LF:30
LH:27
BRF:0
BRH:0
end_of_record
